<?xml version="1.0" encoding="UTF-8"?>
<!-- Generated by org.testng.reporters.JUnitXMLReporter -->
<testsuite ignored="0" hostname="Punam" failures="0" tests="19" name="Test " time="237.376" errors="0" timestamp="2022-11-28T11:14:38 IST">
  <testcase classname="com.AU.base.SetUp" name="@AfterClass tearDownTest" time="0.001">
    <failure type="java.lang.NullPointerException" message="Cannot invoke &amp;quot;org.openqa.selenium.WebDriver.close()&amp;quot; because &amp;quot;com.AU.base.SetUp.driver&amp;quot; is null">
      <![CDATA[java.lang.NullPointerException: Cannot invoke "org.openqa.selenium.WebDriver.close()" because "com.AU.base.SetUp.driver" is null
at com.AU.base.SetUp.tearDownTest(SetUp.java:62)
at java.base/java.util.ArrayList.forEach(ArrayList.java:1511)
... Removed 23 stack frames]]>
    </failure>
  </testcase> <!-- @AfterClass tearDownTest -->
  <testcase classname="com.AU.base.SetUp" name="@AfterClass tearDownTest" time="0.001">
    <failure type="java.lang.NullPointerException" message="Cannot invoke &amp;quot;org.openqa.selenium.WebDriver.close()&amp;quot; because &amp;quot;com.AU.base.SetUp.driver&amp;quot; is null">
      <![CDATA[java.lang.NullPointerException: Cannot invoke "org.openqa.selenium.WebDriver.close()" because "com.AU.base.SetUp.driver" is null
at com.AU.base.SetUp.tearDownTest(SetUp.java:62)
at java.base/java.util.ArrayList.forEach(ArrayList.java:1511)
... Removed 23 stack frames]]>
    </failure>
  </testcase> <!-- @AfterClass tearDownTest -->
  <testcase classname="com.AU.base.SetUp" name="@AfterClass tearDownTest" time="0.001">
    <failure type="java.lang.NullPointerException" message="Cannot invoke &amp;quot;org.openqa.selenium.WebDriver.close()&amp;quot; because &amp;quot;com.AU.base.SetUp.driver&amp;quot; is null">
      <![CDATA[java.lang.NullPointerException: Cannot invoke "org.openqa.selenium.WebDriver.close()" because "com.AU.base.SetUp.driver" is null
at com.AU.base.SetUp.tearDownTest(SetUp.java:62)
at java.base/java.util.ArrayList.forEach(ArrayList.java:1511)
... Removed 23 stack frames]]>
    </failure>
  </testcase> <!-- @AfterClass tearDownTest -->
  <testcase classname="com.AU.base.SetUp" name="@AfterClass tearDownTest" time="0.0">
    <failure type="java.lang.NullPointerException" message="Cannot invoke &amp;quot;org.openqa.selenium.WebDriver.close()&amp;quot; because &amp;quot;com.AU.base.SetUp.driver&amp;quot; is null">
      <![CDATA[java.lang.NullPointerException: Cannot invoke "org.openqa.selenium.WebDriver.close()" because "com.AU.base.SetUp.driver" is null
at com.AU.base.SetUp.tearDownTest(SetUp.java:62)
at java.base/java.util.ArrayList.forEach(ArrayList.java:1511)
... Removed 23 stack frames]]>
    </failure>
  </testcase> <!-- @AfterClass tearDownTest -->
  <testcase classname="com.AU.base.SetUp" name="@AfterClass tearDownTest" time="0.001">
    <failure type="java.lang.NullPointerException" message="Cannot invoke &amp;quot;org.openqa.selenium.WebDriver.close()&amp;quot; because &amp;quot;com.AU.base.SetUp.driver&amp;quot; is null">
      <![CDATA[java.lang.NullPointerException: Cannot invoke "org.openqa.selenium.WebDriver.close()" because "com.AU.base.SetUp.driver" is null
at com.AU.base.SetUp.tearDownTest(SetUp.java:62)
at java.base/java.util.ArrayList.forEach(ArrayList.java:1511)
... Removed 23 stack frames]]>
    </failure>
  </testcase> <!-- @AfterClass tearDownTest -->
  <testcase classname="com.AU.base.SetUp" name="@AfterClass tearDownTest" time="0.0">
    <failure type="java.lang.NullPointerException" message="Cannot invoke &amp;quot;org.openqa.selenium.WebDriver.close()&amp;quot; because &amp;quot;com.AU.base.SetUp.driver&amp;quot; is null">
      <![CDATA[java.lang.NullPointerException: Cannot invoke "org.openqa.selenium.WebDriver.close()" because "com.AU.base.SetUp.driver" is null
at com.AU.base.SetUp.tearDownTest(SetUp.java:62)
at java.base/java.util.ArrayList.forEach(ArrayList.java:1511)
... Removed 23 stack frames]]>
    </failure>
  </testcase> <!-- @AfterClass tearDownTest -->
  <testcase classname="com.AU.base.SetUp" name="@AfterClass tearDownTest" time="0.0">
    <failure type="java.lang.NullPointerException" message="Cannot invoke &amp;quot;org.openqa.selenium.WebDriver.close()&amp;quot; because &amp;quot;com.AU.base.SetUp.driver&amp;quot; is null">
      <![CDATA[java.lang.NullPointerException: Cannot invoke "org.openqa.selenium.WebDriver.close()" because "com.AU.base.SetUp.driver" is null
at com.AU.base.SetUp.tearDownTest(SetUp.java:62)
at java.base/java.util.ArrayList.forEach(ArrayList.java:1511)
... Removed 23 stack frames]]>
    </failure>
  </testcase> <!-- @AfterClass tearDownTest -->
  <testcase classname="com.AU.base.SetUp" name="@AfterClass tearDownTest" time="0.001">
    <failure type="java.lang.NullPointerException" message="Cannot invoke &amp;quot;org.openqa.selenium.WebDriver.close()&amp;quot; because &amp;quot;com.AU.base.SetUp.driver&amp;quot; is null">
      <![CDATA[java.lang.NullPointerException: Cannot invoke "org.openqa.selenium.WebDriver.close()" because "com.AU.base.SetUp.driver" is null
at com.AU.base.SetUp.tearDownTest(SetUp.java:62)
at java.base/java.util.ArrayList.forEach(ArrayList.java:1511)
... Removed 23 stack frames]]>
    </failure>
  </testcase> <!-- @AfterClass tearDownTest -->
  <testcase classname="com.AU.base.SetUp" name="@AfterClass tearDownTest" time="0.0">
    <failure type="java.lang.NullPointerException" message="Cannot invoke &amp;quot;org.openqa.selenium.WebDriver.close()&amp;quot; because &amp;quot;com.AU.base.SetUp.driver&amp;quot; is null">
      <![CDATA[java.lang.NullPointerException: Cannot invoke "org.openqa.selenium.WebDriver.close()" because "com.AU.base.SetUp.driver" is null
at com.AU.base.SetUp.tearDownTest(SetUp.java:62)
at java.base/java.util.ArrayList.forEach(ArrayList.java:1511)
... Removed 23 stack frames]]>
    </failure>
  </testcase> <!-- @AfterClass tearDownTest -->
  <testcase classname="com.AU.base.SetUp" name="@AfterClass tearDownTest" time="0.0">
    <failure type="java.lang.NullPointerException" message="Cannot invoke &amp;quot;org.openqa.selenium.WebDriver.close()&amp;quot; because &amp;quot;com.AU.base.SetUp.driver&amp;quot; is null">
      <![CDATA[java.lang.NullPointerException: Cannot invoke "org.openqa.selenium.WebDriver.close()" because "com.AU.base.SetUp.driver" is null
at com.AU.base.SetUp.tearDownTest(SetUp.java:62)
at java.base/java.util.ArrayList.forEach(ArrayList.java:1511)
... Removed 23 stack frames]]>
    </failure>
  </testcase> <!-- @AfterClass tearDownTest -->
  <testcase classname="com.AU.base.SetUp" name="@AfterClass tearDownTest" time="0.001">
    <failure type="java.lang.NullPointerException" message="Cannot invoke &amp;quot;org.openqa.selenium.WebDriver.close()&amp;quot; because &amp;quot;com.AU.base.SetUp.driver&amp;quot; is null">
      <![CDATA[java.lang.NullPointerException: Cannot invoke "org.openqa.selenium.WebDriver.close()" because "com.AU.base.SetUp.driver" is null
at com.AU.base.SetUp.tearDownTest(SetUp.java:62)
at java.base/java.util.ArrayList.forEach(ArrayList.java:1511)
... Removed 23 stack frames]]>
    </failure>
  </testcase> <!-- @AfterClass tearDownTest -->
  <testcase classname="com.AU.base.SetUp" name="@AfterClass tearDownTest" time="0.0">
    <failure type="java.lang.NullPointerException" message="Cannot invoke &amp;quot;org.openqa.selenium.WebDriver.close()&amp;quot; because &amp;quot;com.AU.base.SetUp.driver&amp;quot; is null">
      <![CDATA[java.lang.NullPointerException: Cannot invoke "org.openqa.selenium.WebDriver.close()" because "com.AU.base.SetUp.driver" is null
at com.AU.base.SetUp.tearDownTest(SetUp.java:62)
at java.base/java.util.ArrayList.forEach(ArrayList.java:1511)
... Removed 23 stack frames]]>
    </failure>
  </testcase> <!-- @AfterClass tearDownTest -->
  <testcase classname="com.AU.base.SetUp" name="@AfterClass tearDownTest" time="0.0">
    <failure type="java.lang.NullPointerException" message="Cannot invoke &amp;quot;org.openqa.selenium.WebDriver.close()&amp;quot; because &amp;quot;com.AU.base.SetUp.driver&amp;quot; is null">
      <![CDATA[java.lang.NullPointerException: Cannot invoke "org.openqa.selenium.WebDriver.close()" because "com.AU.base.SetUp.driver" is null
at com.AU.base.SetUp.tearDownTest(SetUp.java:62)
at java.base/java.util.ArrayList.forEach(ArrayList.java:1511)
... Removed 23 stack frames]]>
    </failure>
  </testcase> <!-- @AfterClass tearDownTest -->
  <testcase classname="com.AU.base.SetUp" name="@AfterClass tearDownTest" time="0.001">
    <failure type="java.lang.NullPointerException" message="Cannot invoke &amp;quot;org.openqa.selenium.WebDriver.close()&amp;quot; because &amp;quot;com.AU.base.SetUp.driver&amp;quot; is null">
      <![CDATA[java.lang.NullPointerException: Cannot invoke "org.openqa.selenium.WebDriver.close()" because "com.AU.base.SetUp.driver" is null
at com.AU.base.SetUp.tearDownTest(SetUp.java:62)
at java.base/java.util.ArrayList.forEach(ArrayList.java:1511)
... Removed 23 stack frames]]>
    </failure>
  </testcase> <!-- @AfterClass tearDownTest -->
  <testcase classname="com.AU.base.SetUp" name="@AfterClass tearDownTest" time="0.0">
    <failure type="java.lang.NullPointerException" message="Cannot invoke &amp;quot;org.openqa.selenium.WebDriver.close()&amp;quot; because &amp;quot;com.AU.base.SetUp.driver&amp;quot; is null">
      <![CDATA[java.lang.NullPointerException: Cannot invoke "org.openqa.selenium.WebDriver.close()" because "com.AU.base.SetUp.driver" is null
at com.AU.base.SetUp.tearDownTest(SetUp.java:62)
at java.base/java.util.ArrayList.forEach(ArrayList.java:1511)
... Removed 23 stack frames]]>
    </failure>
  </testcase> <!-- @AfterClass tearDownTest -->
  <testcase classname="com.AU.base.SetUp" name="@AfterClass tearDownTest" time="0.0">
    <failure type="java.lang.NullPointerException" message="Cannot invoke &amp;quot;org.openqa.selenium.WebDriver.close()&amp;quot; because &amp;quot;com.AU.base.SetUp.driver&amp;quot; is null">
      <![CDATA[java.lang.NullPointerException: Cannot invoke "org.openqa.selenium.WebDriver.close()" because "com.AU.base.SetUp.driver" is null
at com.AU.base.SetUp.tearDownTest(SetUp.java:62)
at java.base/java.util.ArrayList.forEach(ArrayList.java:1511)
... Removed 23 stack frames]]>
    </failure>
  </testcase> <!-- @AfterClass tearDownTest -->
  <testcase classname="com.AU.base.SetUp" name="@AfterClass tearDownTest" time="0.001">
    <failure type="java.lang.NullPointerException" message="Cannot invoke &amp;quot;org.openqa.selenium.WebDriver.close()&amp;quot; because &amp;quot;com.AU.base.SetUp.driver&amp;quot; is null">
      <![CDATA[java.lang.NullPointerException: Cannot invoke "org.openqa.selenium.WebDriver.close()" because "com.AU.base.SetUp.driver" is null
at com.AU.base.SetUp.tearDownTest(SetUp.java:62)
at java.base/java.util.ArrayList.forEach(ArrayList.java:1511)
... Removed 23 stack frames]]>
    </failure>
  </testcase> <!-- @AfterClass tearDownTest -->
  <testcase classname="com.AU.base.SetUp" name="@AfterClass tearDownTest" time="0.0">
    <failure type="java.lang.NullPointerException" message="Cannot invoke &amp;quot;org.openqa.selenium.WebDriver.close()&amp;quot; because &amp;quot;com.AU.base.SetUp.driver&amp;quot; is null">
      <![CDATA[java.lang.NullPointerException: Cannot invoke "org.openqa.selenium.WebDriver.close()" because "com.AU.base.SetUp.driver" is null
at com.AU.base.SetUp.tearDownTest(SetUp.java:62)
at java.base/java.util.ArrayList.forEach(ArrayList.java:1511)
... Removed 23 stack frames]]>
    </failure>
  </testcase> <!-- @AfterClass tearDownTest -->
  <testcase classname="com.crm.testCases.TaskLeadCreationFunctionalityTest" name="TaskLeadCreationTest" time="1.484">
    <skipped/>
  </testcase> <!-- TaskLeadCreationTest -->
  <testcase classname="com.crm.testCases.DedupeRuleFunctionalityTest" name="DedupeRuleTest" time="2.066">
    <skipped/>
  </testcase> <!-- DedupeRuleTest -->
  <testcase classname="com.crm.testCases.DataPresenterEDSFunctionalityTest" name="DataPresenterEDSTest" time="3.169">
    <skipped/>
  </testcase> <!-- DataPresenterEDSTest -->
  <testcase classname="com.crm.testCases.TabVisibleOnCustomerFunctionalityTest" name="TabVisibleOnCustomer" time="3.734">
    <skipped/>
  </testcase> <!-- TabVisibleOnCustomer -->
  <testcase classname="com.crm.testCases.LeadSearchFunctionalityTest" name="LeadSearchTest" time="4.361">
    <skipped/>
  </testcase> <!-- LeadSearchTest -->
  <testcase classname="com.crm.testCases.CustomerSearchFunctionalityTest" name="CustomerSearchTest" time="4.902">
    <skipped/>
  </testcase> <!-- CustomerSearchTest -->
  <testcase classname="com.crm.testCases.QuickLinkFunctionalityTest" name="QuickLinksTest" time="5.484">
    <skipped/>
  </testcase> <!-- QuickLinksTest -->
  <testcase classname="com.crm.testCases.CallAndMeetingsFunctionalityTest" name="CallAndMeetingsTest" time="6.024">
    <skipped/>
  </testcase> <!-- CallAndMeetingsTest -->
  <testcase classname="com.crm.testCases.ActivityTabFunctionalityTest" name="ActivityCreationTest" time="6.642">
    <skipped/>
  </testcase> <!-- ActivityCreationTest -->
  <testcase classname="com.crm.testCases.AppointmentPagePagginationFunctionalityTest" name="PagginationOnAppointmentTest" time="7.218">
    <skipped/>
  </testcase> <!-- PagginationOnAppointmentTest -->
  <testcase classname="com.crm.testCases.ActivityTaskCreatedOnETBCustomerFunctionalityTest" name="TaskCreatedOnETBCustomerTest" time="7.774">
    <skipped/>
  </testcase> <!-- TaskCreatedOnETBCustomerTest -->
  <testcase classname="com.crm.testCases.ActivityTaskCreatedOnETBLeadFunctionalityTest" name="TaskCreatedOnETBLeadTest" time="8.351">
    <skipped/>
  </testcase> <!-- TaskCreatedOnETBLeadTest -->
  <testcase classname="com.crm.testCases.TaskActivityIsCreatedIndependentlyFunctionalityTest" name="TaskIsCreatedIndependentlyTest" time="9.036">
    <skipped/>
  </testcase> <!-- TaskIsCreatedIndependentlyTest -->
  <testcase classname="com.crm.testCases.OfferCreationFunctionalityTest" name="OfferCreationTest" time="9.664">
    <skipped/>
  </testcase> <!-- OfferCreationTest -->
  <testcase classname="com.crm.testCases.SRCreartionUsingCERSAIChargesRelatedSubSubCategoryFunctionalityTest" name="SRCreationCERSAIChargesCatTest" time="10.476">
    <skipped/>
  </testcase> <!-- SRCreationCERSAIChargesCatTest -->
  <testcase classname="com.crm.testCases.ReportsTabFunctionalityTest" name="ReportsTabTest" time="10.919">
    <skipped/>
  </testcase> <!-- ReportsTabTest -->
  <testcase classname="com.crm.testCases.PrimarySecondaryLeadCreationFlowForSavingAccountFunctionalityTest" name="PriSecLeadCreationFlowTest" time="15.009">
    <skipped/>
  </testcase> <!-- PriSecLeadCreationFlowTest -->
  <testcase classname="com.crm.testCases.SRCreationFunctionalityTest" name="SRCreationTest" time="15.983">
    <skipped/>
  </testcase> <!-- SRCreationTest -->
  <testcase classname="com.crm.testCases.ConditionalAccessFunctionalityTest" name="ConditionalAccessTest" time="43.689"/>
</testsuite> <!-- Test  -->
