<!DOCTYPE html PUBLIC "-//W3C//DTD XHTML 1.1//EN" "https://www.w3.org/TR/xhtml11/DTD/xhtml11.dtd">
<html xmlns="https://www.w3.org/1999/xhtml">
<head>
<meta http-equiv="content-type" content="text/html; charset=UTF-8"/>
<title>TestNG Report</title>
<style type="text/css">table {margin-bottom:10px;border-collapse:collapse;empty-cells:show}th,td {border:1px solid #009;padding:.25em .5em}th {vertical-align:bottom}td {vertical-align:top}table a {font-weight:bold}.stripe td {background-color: #E6EBF9}.num {text-align:right}.passedodd td {background-color: #3F3}.passedeven td {background-color: #0A0}.skippedodd td {background-color: #DDD}.skippedeven td {background-color: #CCC}.failedodd td,.attn {background-color: #F33}.failedeven td,.stripe .attn {background-color: #D00}.stacktrace {white-space:pre;font-family:monospace}.totop {font-size:85%;text-align:center;border-bottom:2px solid #000}.invisible {display:none}</style>
</head>
<body>
<table>
<tr><th>Test</th><th># Passed</th><th># Skipped</th><th># Retried</th><th># Failed</th><th>Time (ms)</th><th>Included Groups</th><th>Excluded Groups</th></tr>
<tr><th colspan="8">AutomationTest</th></tr>
<tr><td><a href="#t0">Test </a></td><td class="num">1</td><td class="num attn">18</td><td class="num">0</td><td class="num">0</td><td class="num">237,376</td><td></td><td></td></tr>
</table>
<table id='summary'><thead><tr><th>Class</th><th>Method</th><th>Start</th><th>Time (ms)</th></tr></thead><tbody><tr><th colspan="4">AutomationTest</th></tr></tbody><tbody id="t0"><tr><th colspan="4">Test  &#8212; failed (configuration methods)</th></tr><tr class="failedeven"><td rowspan="1">com.crm.testCases.ActivityTabFunctionalityTest</td><td><a href="#m0">tearDownTest</a></td><td rowspan="1">1669614078234</td><td rowspan="1">0</td></tr><tr class="failedodd"><td rowspan="1">com.crm.testCases.ActivityTaskCreatedOnETBCustomerFunctionalityTest</td><td><a href="#m1">tearDownTest</a></td><td rowspan="1">1669614093230</td><td rowspan="1">1</td></tr><tr class="failedeven"><td rowspan="1">com.crm.testCases.ActivityTaskCreatedOnETBLeadFunctionalityTest</td><td><a href="#m2">tearDownTest</a></td><td rowspan="1">1669614101584</td><td rowspan="1">0</td></tr><tr class="failedodd"><td rowspan="1">com.crm.testCases.AppointmentPagePagginationFunctionalityTest</td><td><a href="#m3">tearDownTest</a></td><td rowspan="1">1669614085454</td><td rowspan="1">0</td></tr><tr class="failedeven"><td rowspan="1">com.crm.testCases.CallAndMeetingsFunctionalityTest</td><td><a href="#m4">tearDownTest</a></td><td rowspan="1">1669614071589</td><td rowspan="1">1</td></tr><tr class="failedodd"><td rowspan="1">com.crm.testCases.CustomerSearchFunctionalityTest</td><td><a href="#m5">tearDownTest</a></td><td rowspan="1">1669614060077</td><td rowspan="1">0</td></tr><tr class="failedeven"><td rowspan="1">com.crm.testCases.DataPresenterEDSFunctionalityTest</td><td><a href="#m6">tearDownTest</a></td><td rowspan="1">1669614047073</td><td rowspan="1">1</td></tr><tr class="failedodd"><td rowspan="1">com.crm.testCases.DedupeRuleFunctionalityTest</td><td><a href="#m7">tearDownTest</a></td><td rowspan="1">1669614043901</td><td rowspan="1">1</td></tr><tr class="failedeven"><td rowspan="1">com.crm.testCases.LeadSearchFunctionalityTest</td><td><a href="#m8">tearDownTest</a></td><td rowspan="1">1669614055173</td><td rowspan="1">1</td></tr><tr class="failedodd"><td rowspan="1">com.crm.testCases.OfferCreationFunctionalityTest</td><td><a href="#m9">tearDownTest</a></td><td rowspan="1">1669614120290</td><td rowspan="1">1</td></tr><tr class="failedeven"><td rowspan="1">com.crm.testCases.PrimarySecondaryLeadCreationFlowForSavingAccountFunctionalityTest</td><td><a href="#m10">tearDownTest</a></td><td rowspan="1">1669614156699</td><td rowspan="1">1</td></tr><tr class="failedodd"><td rowspan="1">com.crm.testCases.QuickLinkFunctionalityTest</td><td><a href="#m11">tearDownTest</a></td><td rowspan="1">1669614065563</td><td rowspan="1">0</td></tr><tr class="failedeven"><td rowspan="1">com.crm.testCases.ReportsTabFunctionalityTest</td><td><a href="#m12">tearDownTest</a></td><td rowspan="1">1669614141688</td><td rowspan="1">0</td></tr><tr class="failedodd"><td rowspan="1">com.crm.testCases.SRCreartionUsingCERSAIChargesRelatedSubSubCategoryFunctionalityTest</td><td><a href="#m13">tearDownTest</a></td><td rowspan="1">1669614130768</td><td rowspan="1">0</td></tr><tr class="failedeven"><td rowspan="1">com.crm.testCases.SRCreationFunctionalityTest</td><td><a href="#m14">tearDownTest</a></td><td rowspan="1">1669614172684</td><td rowspan="1">0</td></tr><tr class="failedodd"><td rowspan="1">com.crm.testCases.TabVisibleOnCustomerFunctionalityTest</td><td><a href="#m15">tearDownTest</a></td><td rowspan="1">1669614050810</td><td rowspan="1">0</td></tr><tr class="failedeven"><td rowspan="1">com.crm.testCases.TaskActivityIsCreatedIndependentlyFunctionalityTest</td><td><a href="#m16">tearDownTest</a></td><td rowspan="1">1669614110623</td><td rowspan="1">0</td></tr><tr class="failedodd"><td rowspan="1">com.crm.testCases.TaskLeadCreationFunctionalityTest</td><td><a href="#m17">tearDownTest</a></td><td rowspan="1">1669614041830</td><td rowspan="1">1</td></tr><tr><th colspan="4">Test  &#8212; skipped</th></tr><tr class="skippedeven"><td rowspan="1">com.crm.testCases.ActivityTabFunctionalityTest</td><td><a href="#m18">ActivityCreationTest</a></td><td rowspan="1">1669614071591</td><td rowspan="1">6642</td></tr><tr class="skippedodd"><td rowspan="1">com.crm.testCases.ActivityTaskCreatedOnETBCustomerFunctionalityTest</td><td><a href="#m19">TaskCreatedOnETBCustomerTest</a></td><td rowspan="1">1669614085455</td><td rowspan="1">7774</td></tr><tr class="skippedeven"><td rowspan="1">com.crm.testCases.ActivityTaskCreatedOnETBLeadFunctionalityTest</td><td><a href="#m20">TaskCreatedOnETBLeadTest</a></td><td rowspan="1">1669614093232</td><td rowspan="1">8351</td></tr><tr class="skippedodd"><td rowspan="1">com.crm.testCases.AppointmentPagePagginationFunctionalityTest</td><td><a href="#m21">PagginationOnAppointmentTest</a></td><td rowspan="1">1669614078235</td><td rowspan="1">7218</td></tr><tr class="skippedeven"><td rowspan="1">com.crm.testCases.CallAndMeetingsFunctionalityTest</td><td><a href="#m22">CallAndMeetingsTest</a></td><td rowspan="1">1669614065564</td><td rowspan="1">6024</td></tr><tr class="skippedodd"><td rowspan="1">com.crm.testCases.CustomerSearchFunctionalityTest</td><td><a href="#m23">CustomerSearchTest</a></td><td rowspan="1">1669614055174</td><td rowspan="1">4902</td></tr><tr class="skippedeven"><td rowspan="1">com.crm.testCases.DataPresenterEDSFunctionalityTest</td><td><a href="#m24">DataPresenterEDSTest</a></td><td rowspan="1">1669614043903</td><td rowspan="1">3169</td></tr><tr class="skippedodd"><td rowspan="1">com.crm.testCases.DedupeRuleFunctionalityTest</td><td><a href="#m25">DedupeRuleTest</a></td><td rowspan="1">1669614041834</td><td rowspan="1">2066</td></tr><tr class="skippedeven"><td rowspan="1">com.crm.testCases.LeadSearchFunctionalityTest</td><td><a href="#m26">LeadSearchTest</a></td><td rowspan="1">1669614050811</td><td rowspan="1">4361</td></tr><tr class="skippedodd"><td rowspan="1">com.crm.testCases.OfferCreationFunctionalityTest</td><td><a href="#m27">OfferCreationTest</a></td><td rowspan="1">1669614110625</td><td rowspan="1">9664</td></tr><tr class="skippedeven"><td rowspan="1">com.crm.testCases.PrimarySecondaryLeadCreationFlowForSavingAccountFunctionalityTest</td><td><a href="#m28">PriSecLeadCreationFlowTest</a></td><td rowspan="1">1669614141689</td><td rowspan="1">15009</td></tr><tr class="skippedodd"><td rowspan="1">com.crm.testCases.QuickLinkFunctionalityTest</td><td><a href="#m29">QuickLinksTest</a></td><td rowspan="1">1669614060078</td><td rowspan="1">5484</td></tr><tr class="skippedeven"><td rowspan="1">com.crm.testCases.ReportsTabFunctionalityTest</td><td><a href="#m30">ReportsTabTest</a></td><td rowspan="1">1669614130769</td><td rowspan="1">10919</td></tr><tr class="skippedodd"><td rowspan="1">com.crm.testCases.SRCreartionUsingCERSAIChargesRelatedSubSubCategoryFunctionalityTest</td><td><a href="#m31">SRCreationCERSAIChargesCatTest</a></td><td rowspan="1">1669614120291</td><td rowspan="1">10476</td></tr><tr class="skippedeven"><td rowspan="1">com.crm.testCases.SRCreationFunctionalityTest</td><td><a href="#m32">SRCreationTest</a></td><td rowspan="1">1669614156700</td><td rowspan="1">15983</td></tr><tr class="skippedodd"><td rowspan="1">com.crm.testCases.TabVisibleOnCustomerFunctionalityTest</td><td><a href="#m33">TabVisibleOnCustomer</a></td><td rowspan="1">1669614047075</td><td rowspan="1">3734</td></tr><tr class="skippedeven"><td rowspan="1">com.crm.testCases.TaskActivityIsCreatedIndependentlyFunctionalityTest</td><td><a href="#m34">TaskIsCreatedIndependentlyTest</a></td><td rowspan="1">1669614101586</td><td rowspan="1">9036</td></tr><tr class="skippedodd"><td rowspan="1">com.crm.testCases.TaskLeadCreationFunctionalityTest</td><td><a href="#m35">TaskLeadCreationTest</a></td><td rowspan="1">1669614040342</td><td rowspan="1">1484</td></tr><tr><th colspan="4">Test  &#8212; passed</th></tr><tr class="passedeven"><td rowspan="1">com.crm.testCases.ConditionalAccessFunctionalityTest</td><td><a href="#m36">ConditionalAccessTest</a></td><td rowspan="1">1669614172685</td><td rowspan="1">43689</td></tr></tbody>
</table>
<h2>Test </h2><h3 id="m0">com.crm.testCases.ActivityTabFunctionalityTest#tearDownTest</h3><table class="result"><tr><th>Exception</th></tr><tr><td><div class="stacktrace">java.lang.NullPointerException: Cannot invoke &quot;org.openqa.selenium.WebDriver.close()&quot; because &quot;com.AU.base.SetUp.driver&quot; is null
	at com.AU.base.SetUp.tearDownTest(SetUp.java:62)
	at java.base/java.util.ArrayList.forEach(ArrayList.java:1511)
... Removed 23 stack frames</div></td></tr></table><p class="totop"><a href="#summary">back to summary</a></p>
<h3 id="m1">com.crm.testCases.ActivityTaskCreatedOnETBCustomerFunctionalityTest#tearDownTest</h3><table class="result"><tr><th>Exception</th></tr><tr><td><div class="stacktrace">java.lang.NullPointerException: Cannot invoke &quot;org.openqa.selenium.WebDriver.close()&quot; because &quot;com.AU.base.SetUp.driver&quot; is null
	at com.AU.base.SetUp.tearDownTest(SetUp.java:62)
	at java.base/java.util.ArrayList.forEach(ArrayList.java:1511)
... Removed 23 stack frames</div></td></tr></table><p class="totop"><a href="#summary">back to summary</a></p>
<h3 id="m2">com.crm.testCases.ActivityTaskCreatedOnETBLeadFunctionalityTest#tearDownTest</h3><table class="result"><tr><th>Exception</th></tr><tr><td><div class="stacktrace">java.lang.NullPointerException: Cannot invoke &quot;org.openqa.selenium.WebDriver.close()&quot; because &quot;com.AU.base.SetUp.driver&quot; is null
	at com.AU.base.SetUp.tearDownTest(SetUp.java:62)
	at java.base/java.util.ArrayList.forEach(ArrayList.java:1511)
... Removed 23 stack frames</div></td></tr></table><p class="totop"><a href="#summary">back to summary</a></p>
<h3 id="m3">com.crm.testCases.AppointmentPagePagginationFunctionalityTest#tearDownTest</h3><table class="result"><tr><th>Exception</th></tr><tr><td><div class="stacktrace">java.lang.NullPointerException: Cannot invoke &quot;org.openqa.selenium.WebDriver.close()&quot; because &quot;com.AU.base.SetUp.driver&quot; is null
	at com.AU.base.SetUp.tearDownTest(SetUp.java:62)
	at java.base/java.util.ArrayList.forEach(ArrayList.java:1511)
... Removed 23 stack frames</div></td></tr></table><p class="totop"><a href="#summary">back to summary</a></p>
<h3 id="m4">com.crm.testCases.CallAndMeetingsFunctionalityTest#tearDownTest</h3><table class="result"><tr><th>Exception</th></tr><tr><td><div class="stacktrace">java.lang.NullPointerException: Cannot invoke &quot;org.openqa.selenium.WebDriver.close()&quot; because &quot;com.AU.base.SetUp.driver&quot; is null
	at com.AU.base.SetUp.tearDownTest(SetUp.java:62)
	at java.base/java.util.ArrayList.forEach(ArrayList.java:1511)
... Removed 23 stack frames</div></td></tr></table><p class="totop"><a href="#summary">back to summary</a></p>
<h3 id="m5">com.crm.testCases.CustomerSearchFunctionalityTest#tearDownTest</h3><table class="result"><tr><th>Exception</th></tr><tr><td><div class="stacktrace">java.lang.NullPointerException: Cannot invoke &quot;org.openqa.selenium.WebDriver.close()&quot; because &quot;com.AU.base.SetUp.driver&quot; is null
	at com.AU.base.SetUp.tearDownTest(SetUp.java:62)
	at java.base/java.util.ArrayList.forEach(ArrayList.java:1511)
... Removed 23 stack frames</div></td></tr></table><p class="totop"><a href="#summary">back to summary</a></p>
<h3 id="m6">com.crm.testCases.DataPresenterEDSFunctionalityTest#tearDownTest</h3><table class="result"><tr><th>Exception</th></tr><tr><td><div class="stacktrace">java.lang.NullPointerException: Cannot invoke &quot;org.openqa.selenium.WebDriver.close()&quot; because &quot;com.AU.base.SetUp.driver&quot; is null
	at com.AU.base.SetUp.tearDownTest(SetUp.java:62)
	at java.base/java.util.ArrayList.forEach(ArrayList.java:1511)
... Removed 23 stack frames</div></td></tr></table><p class="totop"><a href="#summary">back to summary</a></p>
<h3 id="m7">com.crm.testCases.DedupeRuleFunctionalityTest#tearDownTest</h3><table class="result"><tr><th>Exception</th></tr><tr><td><div class="stacktrace">java.lang.NullPointerException: Cannot invoke &quot;org.openqa.selenium.WebDriver.close()&quot; because &quot;com.AU.base.SetUp.driver&quot; is null
	at com.AU.base.SetUp.tearDownTest(SetUp.java:62)
	at java.base/java.util.ArrayList.forEach(ArrayList.java:1511)
... Removed 23 stack frames</div></td></tr></table><p class="totop"><a href="#summary">back to summary</a></p>
<h3 id="m8">com.crm.testCases.LeadSearchFunctionalityTest#tearDownTest</h3><table class="result"><tr><th>Exception</th></tr><tr><td><div class="stacktrace">java.lang.NullPointerException: Cannot invoke &quot;org.openqa.selenium.WebDriver.close()&quot; because &quot;com.AU.base.SetUp.driver&quot; is null
	at com.AU.base.SetUp.tearDownTest(SetUp.java:62)
	at java.base/java.util.ArrayList.forEach(ArrayList.java:1511)
... Removed 23 stack frames</div></td></tr></table><p class="totop"><a href="#summary">back to summary</a></p>
<h3 id="m9">com.crm.testCases.OfferCreationFunctionalityTest#tearDownTest</h3><table class="result"><tr><th>Exception</th></tr><tr><td><div class="stacktrace">java.lang.NullPointerException: Cannot invoke &quot;org.openqa.selenium.WebDriver.close()&quot; because &quot;com.AU.base.SetUp.driver&quot; is null
	at com.AU.base.SetUp.tearDownTest(SetUp.java:62)
	at java.base/java.util.ArrayList.forEach(ArrayList.java:1511)
... Removed 23 stack frames</div></td></tr></table><p class="totop"><a href="#summary">back to summary</a></p>
<h3 id="m10">com.crm.testCases.PrimarySecondaryLeadCreationFlowForSavingAccountFunctionalityTest#tearDownTest</h3><table class="result"><tr><th>Exception</th></tr><tr><td><div class="stacktrace">java.lang.NullPointerException: Cannot invoke &quot;org.openqa.selenium.WebDriver.close()&quot; because &quot;com.AU.base.SetUp.driver&quot; is null
	at com.AU.base.SetUp.tearDownTest(SetUp.java:62)
	at java.base/java.util.ArrayList.forEach(ArrayList.java:1511)
... Removed 23 stack frames</div></td></tr></table><p class="totop"><a href="#summary">back to summary</a></p>
<h3 id="m11">com.crm.testCases.QuickLinkFunctionalityTest#tearDownTest</h3><table class="result"><tr><th>Exception</th></tr><tr><td><div class="stacktrace">java.lang.NullPointerException: Cannot invoke &quot;org.openqa.selenium.WebDriver.close()&quot; because &quot;com.AU.base.SetUp.driver&quot; is null
	at com.AU.base.SetUp.tearDownTest(SetUp.java:62)
	at java.base/java.util.ArrayList.forEach(ArrayList.java:1511)
... Removed 23 stack frames</div></td></tr></table><p class="totop"><a href="#summary">back to summary</a></p>
<h3 id="m12">com.crm.testCases.ReportsTabFunctionalityTest#tearDownTest</h3><table class="result"><tr><th>Exception</th></tr><tr><td><div class="stacktrace">java.lang.NullPointerException: Cannot invoke &quot;org.openqa.selenium.WebDriver.close()&quot; because &quot;com.AU.base.SetUp.driver&quot; is null
	at com.AU.base.SetUp.tearDownTest(SetUp.java:62)
	at java.base/java.util.ArrayList.forEach(ArrayList.java:1511)
... Removed 23 stack frames</div></td></tr></table><p class="totop"><a href="#summary">back to summary</a></p>
<h3 id="m13">com.crm.testCases.SRCreartionUsingCERSAIChargesRelatedSubSubCategoryFunctionalityTest#tearDownTest</h3><table class="result"><tr><th>Exception</th></tr><tr><td><div class="stacktrace">java.lang.NullPointerException: Cannot invoke &quot;org.openqa.selenium.WebDriver.close()&quot; because &quot;com.AU.base.SetUp.driver&quot; is null
	at com.AU.base.SetUp.tearDownTest(SetUp.java:62)
	at java.base/java.util.ArrayList.forEach(ArrayList.java:1511)
... Removed 23 stack frames</div></td></tr></table><p class="totop"><a href="#summary">back to summary</a></p>
<h3 id="m14">com.crm.testCases.SRCreationFunctionalityTest#tearDownTest</h3><table class="result"><tr><th>Exception</th></tr><tr><td><div class="stacktrace">java.lang.NullPointerException: Cannot invoke &quot;org.openqa.selenium.WebDriver.close()&quot; because &quot;com.AU.base.SetUp.driver&quot; is null
	at com.AU.base.SetUp.tearDownTest(SetUp.java:62)
	at java.base/java.util.ArrayList.forEach(ArrayList.java:1511)
... Removed 23 stack frames</div></td></tr></table><p class="totop"><a href="#summary">back to summary</a></p>
<h3 id="m15">com.crm.testCases.TabVisibleOnCustomerFunctionalityTest#tearDownTest</h3><table class="result"><tr><th>Exception</th></tr><tr><td><div class="stacktrace">java.lang.NullPointerException: Cannot invoke &quot;org.openqa.selenium.WebDriver.close()&quot; because &quot;com.AU.base.SetUp.driver&quot; is null
	at com.AU.base.SetUp.tearDownTest(SetUp.java:62)
	at java.base/java.util.ArrayList.forEach(ArrayList.java:1511)
... Removed 23 stack frames</div></td></tr></table><p class="totop"><a href="#summary">back to summary</a></p>
<h3 id="m16">com.crm.testCases.TaskActivityIsCreatedIndependentlyFunctionalityTest#tearDownTest</h3><table class="result"><tr><th>Exception</th></tr><tr><td><div class="stacktrace">java.lang.NullPointerException: Cannot invoke &quot;org.openqa.selenium.WebDriver.close()&quot; because &quot;com.AU.base.SetUp.driver&quot; is null
	at com.AU.base.SetUp.tearDownTest(SetUp.java:62)
	at java.base/java.util.ArrayList.forEach(ArrayList.java:1511)
... Removed 23 stack frames</div></td></tr></table><p class="totop"><a href="#summary">back to summary</a></p>
<h3 id="m17">com.crm.testCases.TaskLeadCreationFunctionalityTest#tearDownTest</h3><table class="result"><tr><th>Exception</th></tr><tr><td><div class="stacktrace">java.lang.NullPointerException: Cannot invoke &quot;org.openqa.selenium.WebDriver.close()&quot; because &quot;com.AU.base.SetUp.driver&quot; is null
	at com.AU.base.SetUp.tearDownTest(SetUp.java:62)
	at java.base/java.util.ArrayList.forEach(ArrayList.java:1511)
... Removed 23 stack frames</div></td></tr></table><p class="totop"><a href="#summary">back to summary</a></p>
<h3 id="m18">com.crm.testCases.ActivityTabFunctionalityTest#ActivityCreationTest</h3><table class="result"><tr><th>Exception</th></tr><tr><td><div class="stacktrace">org.testng.SkipException: Skipping the test TOVERIFYAPPOINTMENTCREATIONPAGEas the Run mode is NO
	at com.crm.testCases.ActivityTabFunctionalityTest.ActivityCreationTest(ActivityTabFunctionalityTest.java:30)
	at java.base/java.util.ArrayList.forEach(ArrayList.java:1511)
... Removed 25 stack frames</div></td></tr></table><p class="totop"><a href="#summary">back to summary</a></p>
<h3 id="m19">com.crm.testCases.ActivityTaskCreatedOnETBCustomerFunctionalityTest#TaskCreatedOnETBCustomerTest</h3><table class="result"><tr><th>Exception</th></tr><tr><td><div class="stacktrace">org.testng.SkipException: Skipping the test TOVERIFYTASKISCREATEDONETBCUSTOMERas the Run mode is NO
	at com.crm.testCases.ActivityTaskCreatedOnETBCustomerFunctionalityTest.TaskCreatedOnETBCustomerTest(ActivityTaskCreatedOnETBCustomerFunctionalityTest.java:29)
	at java.base/java.util.ArrayList.forEach(ArrayList.java:1511)
... Removed 25 stack frames</div></td></tr></table><p class="totop"><a href="#summary">back to summary</a></p>
<h3 id="m20">com.crm.testCases.ActivityTaskCreatedOnETBLeadFunctionalityTest#TaskCreatedOnETBLeadTest</h3><table class="result"><tr><th>Exception</th></tr><tr><td><div class="stacktrace">org.testng.SkipException: Skipping the test TASKCREATEDONETBLEADas the Run mode is NO
	at com.crm.testCases.ActivityTaskCreatedOnETBLeadFunctionalityTest.TaskCreatedOnETBLeadTest(ActivityTaskCreatedOnETBLeadFunctionalityTest.java:28)
	at java.base/java.util.ArrayList.forEach(ArrayList.java:1511)
... Removed 25 stack frames</div></td></tr></table><p class="totop"><a href="#summary">back to summary</a></p>
<h3 id="m21">com.crm.testCases.AppointmentPagePagginationFunctionalityTest#PagginationOnAppointmentTest</h3><table class="result"><tr><th>Exception</th></tr><tr><td><div class="stacktrace">org.testng.SkipException: Skipping the test PAGGINATIONONAPPOINTMENTPAGEas the Run mode is NO
	at com.crm.testCases.AppointmentPagePagginationFunctionalityTest.PagginationOnAppointmentTest(AppointmentPagePagginationFunctionalityTest.java:23)
	at java.base/java.util.ArrayList.forEach(ArrayList.java:1511)
... Removed 25 stack frames</div></td></tr></table><p class="totop"><a href="#summary">back to summary</a></p>
<h3 id="m22">com.crm.testCases.CallAndMeetingsFunctionalityTest#CallAndMeetingsTest</h3><table class="result"><tr><th>Exception</th></tr><tr><td><div class="stacktrace">org.testng.SkipException: Skipping the test TOVERIFYCALLANDMEETINGSas the Run mode is NO
	at com.crm.testCases.CallAndMeetingsFunctionalityTest.CallAndMeetingsTest(CallAndMeetingsFunctionalityTest.java:30)
	at java.base/java.util.ArrayList.forEach(ArrayList.java:1511)
... Removed 25 stack frames</div></td></tr></table><p class="totop"><a href="#summary">back to summary</a></p>
<h3 id="m23">com.crm.testCases.CustomerSearchFunctionalityTest#CustomerSearchTest</h3><table class="result"><tr><th>Exception</th></tr><tr><td><div class="stacktrace">org.testng.SkipException: Skipping the test TOVERIFYCUSTOMERSEARCHas the Run mode is NO
	at com.crm.testCases.CustomerSearchFunctionalityTest.CustomerSearchTest(CustomerSearchFunctionalityTest.java:26)
	at java.base/java.util.ArrayList.forEach(ArrayList.java:1511)
... Removed 25 stack frames</div></td></tr></table><p class="totop"><a href="#summary">back to summary</a></p>
<h3 id="m24">com.crm.testCases.DataPresenterEDSFunctionalityTest#DataPresenterEDSTest</h3><table class="result"><tr><th>Exception</th></tr><tr><td><div class="stacktrace">org.testng.SkipException: Skipping the test TOVERIFYDATAPRESENTEREDSas the Run mode is NO
	at com.crm.testCases.DataPresenterEDSFunctionalityTest.DataPresenterEDSTest(DataPresenterEDSFunctionalityTest.java:27)
	at java.base/java.util.ArrayList.forEach(ArrayList.java:1511)
... Removed 25 stack frames</div></td></tr></table><p class="totop"><a href="#summary">back to summary</a></p>
<h3 id="m25">com.crm.testCases.DedupeRuleFunctionalityTest#DedupeRuleTest</h3><table class="result"><tr><th>Exception</th></tr><tr><td><div class="stacktrace">org.testng.SkipException: Skipping the test DEDUPERULETESTas the Run mode is NO
	at com.crm.testCases.DedupeRuleFunctionalityTest.DedupeRuleTest(DedupeRuleFunctionalityTest.java:29)
	at java.base/java.util.ArrayList.forEach(ArrayList.java:1511)
... Removed 25 stack frames</div></td></tr></table><p class="totop"><a href="#summary">back to summary</a></p>
<h3 id="m26">com.crm.testCases.LeadSearchFunctionalityTest#LeadSearchTest</h3><table class="result"><tr><th>Exception</th></tr><tr><td><div class="stacktrace">org.testng.SkipException: Skipping the test TOVERIFYLEADSEARCHas the Run mode is NO
	at com.crm.testCases.LeadSearchFunctionalityTest.LeadSearchTest(LeadSearchFunctionalityTest.java:33)
	at java.base/java.util.ArrayList.forEach(ArrayList.java:1511)
... Removed 25 stack frames</div></td></tr></table><p class="totop"><a href="#summary">back to summary</a></p>
<h3 id="m27">com.crm.testCases.OfferCreationFunctionalityTest#OfferCreationTest</h3><table class="result"><tr><th>Exception</th></tr><tr><td><div class="stacktrace">org.testng.SkipException: Skipping the test TOVERIFYOFFERCREATIONas the Run mode is NO
	at com.crm.testCases.OfferCreationFunctionalityTest.OfferCreationTest(OfferCreationFunctionalityTest.java:28)
	at java.base/java.util.ArrayList.forEach(ArrayList.java:1511)
... Removed 25 stack frames</div></td></tr></table><p class="totop"><a href="#summary">back to summary</a></p>
<h3 id="m28">com.crm.testCases.PrimarySecondaryLeadCreationFlowForSavingAccountFunctionalityTest#PriSecLeadCreationFlowTest</h3><table class="result"><tr><th>Exception</th></tr><tr><td><div class="stacktrace">org.testng.SkipException: Skipping the test PRIMARYSECONDARYLEADCREATIONas the Run mode is NO
	at com.crm.testCases.PrimarySecondaryLeadCreationFlowForSavingAccountFunctionalityTest.PriSecLeadCreationFlowTest(PrimarySecondaryLeadCreationFlowForSavingAccountFunctionalityTest.java:43)
	at java.base/java.util.ArrayList.forEach(ArrayList.java:1511)
... Removed 25 stack frames</div></td></tr></table><p class="totop"><a href="#summary">back to summary</a></p>
<h3 id="m29">com.crm.testCases.QuickLinkFunctionalityTest#QuickLinksTest</h3><table class="result"><tr><th>Exception</th></tr><tr><td><div class="stacktrace">org.testng.SkipException: Skipping the test TOVERIFYQUICKLINKSas the Run mode is NO
	at com.crm.testCases.QuickLinkFunctionalityTest.QuickLinksTest(QuickLinkFunctionalityTest.java:27)
	at java.base/java.util.ArrayList.forEach(ArrayList.java:1511)
... Removed 25 stack frames</div></td></tr></table><p class="totop"><a href="#summary">back to summary</a></p>
<h3 id="m30">com.crm.testCases.ReportsTabFunctionalityTest#ReportsTabTest</h3><table class="result"><tr><th>Exception</th></tr><tr><td><div class="stacktrace">org.testng.SkipException: Skipping the test TOVERIFYLEADCREATIONPAGEas the Run mode is NO
	at com.crm.testCases.ReportsTabFunctionalityTest.ReportsTabTest(ReportsTabFunctionalityTest.java:26)
	at java.base/java.util.ArrayList.forEach(ArrayList.java:1511)
... Removed 25 stack frames</div></td></tr></table><p class="totop"><a href="#summary">back to summary</a></p>
<h3 id="m31">com.crm.testCases.SRCreartionUsingCERSAIChargesRelatedSubSubCategoryFunctionalityTest#SRCreationCERSAIChargesCatTest</h3><table class="result"><tr><th>Exception</th></tr><tr><td><div class="stacktrace">org.testng.SkipException: Skipping the test TOVERIFYQUICKLINKSas the Run mode is NO
	at com.crm.testCases.SRCreartionUsingCERSAIChargesRelatedSubSubCategoryFunctionalityTest.SRCreationCERSAIChargesCatTest(SRCreartionUsingCERSAIChargesRelatedSubSubCategoryFunctionalityTest.java:31)
	at java.base/java.util.ArrayList.forEach(ArrayList.java:1511)
... Removed 25 stack frames</div></td></tr></table><p class="totop"><a href="#summary">back to summary</a></p>
<h3 id="m32">com.crm.testCases.SRCreationFunctionalityTest#SRCreationTest</h3><table class="result"><tr><th>Exception</th></tr><tr><td><div class="stacktrace">org.testng.SkipException: Skipping the test TOVERIFYSRCREATIONTESTas the Run mode is NO
	at com.crm.testCases.SRCreationFunctionalityTest.SRCreationTest(SRCreationFunctionalityTest.java:30)
	at java.base/java.util.ArrayList.forEach(ArrayList.java:1511)
... Removed 25 stack frames</div></td></tr></table><p class="totop"><a href="#summary">back to summary</a></p>
<h3 id="m33">com.crm.testCases.TabVisibleOnCustomerFunctionalityTest#TabVisibleOnCustomer</h3><table class="result"><tr><th>Exception</th></tr><tr><td><div class="stacktrace">org.testng.SkipException: Skipping the test TABVISIBLEONCUSTOMERas the Run mode is NO
	at com.crm.testCases.TabVisibleOnCustomerFunctionalityTest.TabVisibleOnCustomer(TabVisibleOnCustomerFunctionalityTest.java:29)
	at java.base/java.util.ArrayList.forEach(ArrayList.java:1511)
... Removed 25 stack frames</div></td></tr></table><p class="totop"><a href="#summary">back to summary</a></p>
<h3 id="m34">com.crm.testCases.TaskActivityIsCreatedIndependentlyFunctionalityTest#TaskIsCreatedIndependentlyTest</h3><table class="result"><tr><th>Exception</th></tr><tr><td><div class="stacktrace">org.testng.SkipException: Skipping the test TASKISCREATEDINDEPENDENTLYTESTas the Run mode is NO
	at com.crm.testCases.TaskActivityIsCreatedIndependentlyFunctionalityTest.TaskIsCreatedIndependentlyTest(TaskActivityIsCreatedIndependentlyFunctionalityTest.java:28)
	at java.base/java.util.ArrayList.forEach(ArrayList.java:1511)
... Removed 25 stack frames</div></td></tr></table><p class="totop"><a href="#summary">back to summary</a></p>
<h3 id="m35">com.crm.testCases.TaskLeadCreationFunctionalityTest#TaskLeadCreationTest</h3><table class="result"><tr><th>Exception</th></tr><tr><td><div class="stacktrace">org.testng.SkipException: Skipping the test TaskLeadCreationTest as the Run mode is NO + 
	at com.crm.testCases.TaskLeadCreationFunctionalityTest.TaskLeadCreationTest(TaskLeadCreationFunctionalityTest.java:28)
	at java.base/java.util.ArrayList.forEach(ArrayList.java:1511)
... Removed 25 stack frames</div></td></tr></table><p class="totop"><a href="#summary">back to summary</a></p>
<h3 id="m36">com.crm.testCases.ConditionalAccessFunctionalityTest#ConditionalAccessTest</h3><table class="result"><tr><th class="invisible"/></tr></table><p class="totop"><a href="#summary">back to summary</a></p>
</body>
</html>
