<!DOCTYPE html>

<html>
  <head>
  <meta charset='utf-8'>
  <title>TestNG reports</title>

    <link type="text/css" href="testng-reports1.css" rel="stylesheet" id="ultra" />
    <link type="text/css" href="testng-reports.css" rel="stylesheet" id="retro" disabled="false"/>
    <script type="text/javascript" src="jquery.min.js"></script>
    <script type="text/javascript" src="testng-reports.js"></script>
    <script type="text/javascript" src="https://www.google.com/jsapi"></script>
    <script type='text/javascript'>
      google.load('visualization', '1', {packages:['table']});
      google.setOnLoadCallback(drawTable);
      var suiteTableInitFunctions = new Array();
      var suiteTableData = new Array();
    </script>
    <!--
      <script type="text/javascript" src="jquery-ui/js/jquery-ui-1.8.16.custom.min.js"></script>
     -->
  </head>

  <body>
    <div class="top-banner-root">
      <span class="top-banner-title-font">Test results</span>
      <button id="button" class="button">Switch Retro Theme</button> <!-- button -->
      <br/>
      <span class="top-banner-font-1">1 suite</span>
    </div> <!-- top-banner-root -->
    <div class="navigator-root">
      <div class="navigator-suite-header">
        <span>All suites</span>
        <a href="#" title="Collapse/expand all the suites" class="collapse-all-link">
          <img src="collapseall.gif" class="collapse-all-icon">
          </img> <!-- collapse-all-icon -->
        </a> <!-- collapse-all-link -->
      </div> <!-- navigator-suite-header -->
      <div class="suite">
        <div class="rounded-window">
          <div class="suite-header light-rounded-window-top">
            <a href="#" panel-name="suite-AutomationTest" class="navigator-link">
              <span class="suite-name border-skipped">AutomationTest</span>
            </a> <!-- navigator-link -->
          </div> <!-- suite-header light-rounded-window-top -->
          <div class="navigator-suite-content">
            <div class="suite-section-title">
              <span>Info</span>
            </div> <!-- suite-section-title -->
            <div class="suite-section-content">
              <ul>
                <li>
                  <a href="#" panel-name="test-xml-AutomationTest" class="navigator-link ">
                    <span>C:\Users\Punam Shirsath\eclipse-workspace\AUAutomationSanity\src\test\resources\RunnerFiles\testng.xml</span>
                  </a> <!-- navigator-link  -->
                </li>
                <li>
                  <a href="#" panel-name="testlist-AutomationTest" class="navigator-link ">
                    <span class="test-stats">1 test</span>
                  </a> <!-- navigator-link  -->
                </li>
                <li>
                  <a href="#" panel-name="group-AutomationTest" class="navigator-link ">
                    <span>0 groups</span>
                  </a> <!-- navigator-link  -->
                </li>
                <li>
                  <a href="#" panel-name="times-AutomationTest" class="navigator-link ">
                    <span>Times</span>
                  </a> <!-- navigator-link  -->
                </li>
                <li>
                  <a href="#" panel-name="reporter-AutomationTest" class="navigator-link ">
                    <span>Reporter output</span>
                  </a> <!-- navigator-link  -->
                </li>
                <li>
                  <a href="#" panel-name="ignored-methods-AutomationTest" class="navigator-link ">
                    <span>Ignored methods</span>
                  </a> <!-- navigator-link  -->
                </li>
                <li>
                  <a href="#" panel-name="chronological-AutomationTest" class="navigator-link ">
                    <span>Chronological view</span>
                  </a> <!-- navigator-link  -->
                </li>
              </ul>
            </div> <!-- suite-section-content -->
            <div class="result-section">
              <div class="suite-section-title">
                <span>Results</span>
              </div> <!-- suite-section-title -->
              <div class="suite-section-content">
                <ul>
                  <li>
                    <span class="method-stats">19 methods,  18 skipped,  1 passed</span>
                  </li>
                  <li>
                    <span class="method-list-title skipped">Skipped methods</span>
                    <span class="show-or-hide-methods skipped">
                      <a href="#" panel-name="suite-AutomationTest" class="hide-methods skipped suite-AutomationTest"> (hide)</a> <!-- hide-methods skipped suite-AutomationTest -->
                      <a href="#" panel-name="suite-AutomationTest" class="show-methods skipped suite-AutomationTest"> (show)</a> <!-- show-methods skipped suite-AutomationTest -->
                    </span>
                    <div class="method-list-content skipped suite-AutomationTest">
                      <span>
                        <img src="skipped.png" width="3%"/>
                        <a href="#" panel-name="suite-AutomationTest" title="com.crm.testCases.ActivityTabFunctionalityTest" class="method navigator-link" hash-for-method="ActivityCreationTest">ActivityCreationTest</a> <!-- method navigator-link -->
                      </span>
                      <br/>
                      <span>
                        <img src="skipped.png" width="3%"/>
                        <a href="#" panel-name="suite-AutomationTest" title="com.crm.testCases.CallAndMeetingsFunctionalityTest" class="method navigator-link" hash-for-method="CallAndMeetingsTest">CallAndMeetingsTest</a> <!-- method navigator-link -->
                      </span>
                      <br/>
                      <span>
                        <img src="skipped.png" width="3%"/>
                        <a href="#" panel-name="suite-AutomationTest" title="com.crm.testCases.CustomerSearchFunctionalityTest" class="method navigator-link" hash-for-method="CustomerSearchTest">CustomerSearchTest</a> <!-- method navigator-link -->
                      </span>
                      <br/>
                      <span>
                        <img src="skipped.png" width="3%"/>
                        <a href="#" panel-name="suite-AutomationTest" title="com.crm.testCases.DataPresenterEDSFunctionalityTest" class="method navigator-link" hash-for-method="DataPresenterEDSTest">DataPresenterEDSTest</a> <!-- method navigator-link -->
                      </span>
                      <br/>
                      <span>
                        <img src="skipped.png" width="3%"/>
                        <a href="#" panel-name="suite-AutomationTest" title="com.crm.testCases.DedupeRuleFunctionalityTest" class="method navigator-link" hash-for-method="DedupeRuleTest">DedupeRuleTest</a> <!-- method navigator-link -->
                      </span>
                      <br/>
                      <span>
                        <img src="skipped.png" width="3%"/>
                        <a href="#" panel-name="suite-AutomationTest" title="com.crm.testCases.LeadSearchFunctionalityTest" class="method navigator-link" hash-for-method="LeadSearchTest">LeadSearchTest</a> <!-- method navigator-link -->
                      </span>
                      <br/>
                      <span>
                        <img src="skipped.png" width="3%"/>
                        <a href="#" panel-name="suite-AutomationTest" title="com.crm.testCases.OfferCreationFunctionalityTest" class="method navigator-link" hash-for-method="OfferCreationTest">OfferCreationTest</a> <!-- method navigator-link -->
                      </span>
                      <br/>
                      <span>
                        <img src="skipped.png" width="3%"/>
                        <a href="#" panel-name="suite-AutomationTest" title="com.crm.testCases.AppointmentPagePagginationFunctionalityTest" class="method navigator-link" hash-for-method="PagginationOnAppointmentTest">PagginationOnAppointmentTest</a> <!-- method navigator-link -->
                      </span>
                      <br/>
                      <span>
                        <img src="skipped.png" width="3%"/>
                        <a href="#" panel-name="suite-AutomationTest" title="com.crm.testCases.PrimarySecondaryLeadCreationFlowForSavingAccountFunctionalityTest" class="method navigator-link" hash-for-method="PriSecLeadCreationFlowTest">PriSecLeadCreationFlowTest</a> <!-- method navigator-link -->
                      </span>
                      <br/>
                      <span>
                        <img src="skipped.png" width="3%"/>
                        <a href="#" panel-name="suite-AutomationTest" title="com.crm.testCases.QuickLinkFunctionalityTest" class="method navigator-link" hash-for-method="QuickLinksTest">QuickLinksTest</a> <!-- method navigator-link -->
                      </span>
                      <br/>
                      <span>
                        <img src="skipped.png" width="3%"/>
                        <a href="#" panel-name="suite-AutomationTest" title="com.crm.testCases.ReportsTabFunctionalityTest" class="method navigator-link" hash-for-method="ReportsTabTest">ReportsTabTest</a> <!-- method navigator-link -->
                      </span>
                      <br/>
                      <span>
                        <img src="skipped.png" width="3%"/>
                        <a href="#" panel-name="suite-AutomationTest" title="com.crm.testCases.SRCreartionUsingCERSAIChargesRelatedSubSubCategoryFunctionalityTest" class="method navigator-link" hash-for-method="SRCreationCERSAIChargesCatTest">SRCreationCERSAIChargesCatTest</a> <!-- method navigator-link -->
                      </span>
                      <br/>
                      <span>
                        <img src="skipped.png" width="3%"/>
                        <a href="#" panel-name="suite-AutomationTest" title="com.crm.testCases.SRCreationFunctionalityTest" class="method navigator-link" hash-for-method="SRCreationTest">SRCreationTest</a> <!-- method navigator-link -->
                      </span>
                      <br/>
                      <span>
                        <img src="skipped.png" width="3%"/>
                        <a href="#" panel-name="suite-AutomationTest" title="com.crm.testCases.TabVisibleOnCustomerFunctionalityTest" class="method navigator-link" hash-for-method="TabVisibleOnCustomer">TabVisibleOnCustomer</a> <!-- method navigator-link -->
                      </span>
                      <br/>
                      <span>
                        <img src="skipped.png" width="3%"/>
                        <a href="#" panel-name="suite-AutomationTest" title="com.crm.testCases.ActivityTaskCreatedOnETBCustomerFunctionalityTest" class="method navigator-link" hash-for-method="TaskCreatedOnETBCustomerTest">TaskCreatedOnETBCustomerTest</a> <!-- method navigator-link -->
                      </span>
                      <br/>
                      <span>
                        <img src="skipped.png" width="3%"/>
                        <a href="#" panel-name="suite-AutomationTest" title="com.crm.testCases.ActivityTaskCreatedOnETBLeadFunctionalityTest" class="method navigator-link" hash-for-method="TaskCreatedOnETBLeadTest">TaskCreatedOnETBLeadTest</a> <!-- method navigator-link -->
                      </span>
                      <br/>
                      <span>
                        <img src="skipped.png" width="3%"/>
                        <a href="#" panel-name="suite-AutomationTest" title="com.crm.testCases.TaskActivityIsCreatedIndependentlyFunctionalityTest" class="method navigator-link" hash-for-method="TaskIsCreatedIndependentlyTest">TaskIsCreatedIndependentlyTest</a> <!-- method navigator-link -->
                      </span>
                      <br/>
                      <span>
                        <img src="skipped.png" width="3%"/>
                        <a href="#" panel-name="suite-AutomationTest" title="com.crm.testCases.TaskLeadCreationFunctionalityTest" class="method navigator-link" hash-for-method="TaskLeadCreationTest">TaskLeadCreationTest</a> <!-- method navigator-link -->
                      </span>
                      <br/>
                    </div> <!-- method-list-content skipped suite-AutomationTest -->
                  </li>
                  <li>
                    <span class="method-list-title passed">Passed methods</span>
                    <span class="show-or-hide-methods passed">
                      <a href="#" panel-name="suite-AutomationTest" class="hide-methods passed suite-AutomationTest"> (hide)</a> <!-- hide-methods passed suite-AutomationTest -->
                      <a href="#" panel-name="suite-AutomationTest" class="show-methods passed suite-AutomationTest"> (show)</a> <!-- show-methods passed suite-AutomationTest -->
                    </span>
                    <div class="method-list-content passed suite-AutomationTest">
                      <span>
                        <img src="passed.png" width="3%"/>
                        <a href="#" panel-name="suite-AutomationTest" title="com.crm.testCases.ConditionalAccessFunctionalityTest" class="method navigator-link" hash-for-method="ConditionalAccessTest">ConditionalAccessTest</a> <!-- method navigator-link -->
                      </span>
                      <br/>
                    </div> <!-- method-list-content passed suite-AutomationTest -->
                  </li>
                </ul>
              </div> <!-- suite-section-content -->
            </div> <!-- result-section -->
          </div> <!-- navigator-suite-content -->
        </div> <!-- rounded-window -->
      </div> <!-- suite -->
    </div> <!-- navigator-root -->
    <div class="wrapper">
      <div class="main-panel-root">
        <div panel-name="suite-AutomationTest" class="panel AutomationTest">
          <div class="suite-AutomationTest-class-skipped">
            <div class="main-panel-header rounded-window-top">
              <img src="skipped.png"/>
              <span class="class-name">com.crm.testCases.DataPresenterEDSFunctionalityTest</span>
            </div> <!-- main-panel-header rounded-window-top -->
            <div class="main-panel-content rounded-window-bottom">
              <div class="method">
                <div class="method-content">
                  <a name="DataPresenterEDSTest">
                  </a> <!-- DataPresenterEDSTest -->
                  <span class="method-name">DataPresenterEDSTest</span>
                  <div class="stack-trace">org.testng.SkipException: Skipping the test TOVERIFYDATAPRESENTEREDSas the Run mode is NO
	at com.crm.testCases.DataPresenterEDSFunctionalityTest.DataPresenterEDSTest(DataPresenterEDSFunctionalityTest.java:27)
	at java.base/java.util.ArrayList.forEach(ArrayList.java:1511)
... Removed 25 stack frames
</div> <!-- stack-trace -->
                </div> <!-- method-content -->
              </div> <!-- method -->
            </div> <!-- main-panel-content rounded-window-bottom -->
          </div> <!-- suite-AutomationTest-class-skipped -->
          <div class="suite-AutomationTest-class-skipped">
            <div class="main-panel-header rounded-window-top">
              <img src="skipped.png"/>
              <span class="class-name">com.crm.testCases.ActivityTaskCreatedOnETBLeadFunctionalityTest</span>
            </div> <!-- main-panel-header rounded-window-top -->
            <div class="main-panel-content rounded-window-bottom">
              <div class="method">
                <div class="method-content">
                  <a name="TaskCreatedOnETBLeadTest">
                  </a> <!-- TaskCreatedOnETBLeadTest -->
                  <span class="method-name">TaskCreatedOnETBLeadTest</span>
                  <div class="stack-trace">org.testng.SkipException: Skipping the test TASKCREATEDONETBLEADas the Run mode is NO
	at com.crm.testCases.ActivityTaskCreatedOnETBLeadFunctionalityTest.TaskCreatedOnETBLeadTest(ActivityTaskCreatedOnETBLeadFunctionalityTest.java:28)
	at java.base/java.util.ArrayList.forEach(ArrayList.java:1511)
... Removed 25 stack frames
</div> <!-- stack-trace -->
                </div> <!-- method-content -->
              </div> <!-- method -->
            </div> <!-- main-panel-content rounded-window-bottom -->
          </div> <!-- suite-AutomationTest-class-skipped -->
          <div class="suite-AutomationTest-class-skipped">
            <div class="main-panel-header rounded-window-top">
              <img src="skipped.png"/>
              <span class="class-name">com.crm.testCases.DedupeRuleFunctionalityTest</span>
            </div> <!-- main-panel-header rounded-window-top -->
            <div class="main-panel-content rounded-window-bottom">
              <div class="method">
                <div class="method-content">
                  <a name="DedupeRuleTest">
                  </a> <!-- DedupeRuleTest -->
                  <span class="method-name">DedupeRuleTest</span>
                  <div class="stack-trace">org.testng.SkipException: Skipping the test DEDUPERULETESTas the Run mode is NO
	at com.crm.testCases.DedupeRuleFunctionalityTest.DedupeRuleTest(DedupeRuleFunctionalityTest.java:29)
	at java.base/java.util.ArrayList.forEach(ArrayList.java:1511)
... Removed 25 stack frames
</div> <!-- stack-trace -->
                </div> <!-- method-content -->
              </div> <!-- method -->
            </div> <!-- main-panel-content rounded-window-bottom -->
          </div> <!-- suite-AutomationTest-class-skipped -->
          <div class="suite-AutomationTest-class-skipped">
            <div class="main-panel-header rounded-window-top">
              <img src="skipped.png"/>
              <span class="class-name">com.crm.testCases.SRCreationFunctionalityTest</span>
            </div> <!-- main-panel-header rounded-window-top -->
            <div class="main-panel-content rounded-window-bottom">
              <div class="method">
                <div class="method-content">
                  <a name="SRCreationTest">
                  </a> <!-- SRCreationTest -->
                  <span class="method-name">SRCreationTest</span>
                  <div class="stack-trace">org.testng.SkipException: Skipping the test TOVERIFYSRCREATIONTESTas the Run mode is NO
	at com.crm.testCases.SRCreationFunctionalityTest.SRCreationTest(SRCreationFunctionalityTest.java:30)
	at java.base/java.util.ArrayList.forEach(ArrayList.java:1511)
... Removed 25 stack frames
</div> <!-- stack-trace -->
                </div> <!-- method-content -->
              </div> <!-- method -->
            </div> <!-- main-panel-content rounded-window-bottom -->
          </div> <!-- suite-AutomationTest-class-skipped -->
          <div class="suite-AutomationTest-class-skipped">
            <div class="main-panel-header rounded-window-top">
              <img src="skipped.png"/>
              <span class="class-name">com.crm.testCases.OfferCreationFunctionalityTest</span>
            </div> <!-- main-panel-header rounded-window-top -->
            <div class="main-panel-content rounded-window-bottom">
              <div class="method">
                <div class="method-content">
                  <a name="OfferCreationTest">
                  </a> <!-- OfferCreationTest -->
                  <span class="method-name">OfferCreationTest</span>
                  <div class="stack-trace">org.testng.SkipException: Skipping the test TOVERIFYOFFERCREATIONas the Run mode is NO
	at com.crm.testCases.OfferCreationFunctionalityTest.OfferCreationTest(OfferCreationFunctionalityTest.java:28)
	at java.base/java.util.ArrayList.forEach(ArrayList.java:1511)
... Removed 25 stack frames
</div> <!-- stack-trace -->
                </div> <!-- method-content -->
              </div> <!-- method -->
            </div> <!-- main-panel-content rounded-window-bottom -->
          </div> <!-- suite-AutomationTest-class-skipped -->
          <div class="suite-AutomationTest-class-skipped">
            <div class="main-panel-header rounded-window-top">
              <img src="skipped.png"/>
              <span class="class-name">com.crm.testCases.LeadSearchFunctionalityTest</span>
            </div> <!-- main-panel-header rounded-window-top -->
            <div class="main-panel-content rounded-window-bottom">
              <div class="method">
                <div class="method-content">
                  <a name="LeadSearchTest">
                  </a> <!-- LeadSearchTest -->
                  <span class="method-name">LeadSearchTest</span>
                  <div class="stack-trace">org.testng.SkipException: Skipping the test TOVERIFYLEADSEARCHas the Run mode is NO
	at com.crm.testCases.LeadSearchFunctionalityTest.LeadSearchTest(LeadSearchFunctionalityTest.java:33)
	at java.base/java.util.ArrayList.forEach(ArrayList.java:1511)
... Removed 25 stack frames
</div> <!-- stack-trace -->
                </div> <!-- method-content -->
              </div> <!-- method -->
            </div> <!-- main-panel-content rounded-window-bottom -->
          </div> <!-- suite-AutomationTest-class-skipped -->
          <div class="suite-AutomationTest-class-skipped">
            <div class="main-panel-header rounded-window-top">
              <img src="skipped.png"/>
              <span class="class-name">com.crm.testCases.TaskLeadCreationFunctionalityTest</span>
            </div> <!-- main-panel-header rounded-window-top -->
            <div class="main-panel-content rounded-window-bottom">
              <div class="method">
                <div class="method-content">
                  <a name="TaskLeadCreationTest">
                  </a> <!-- TaskLeadCreationTest -->
                  <span class="method-name">TaskLeadCreationTest</span>
                  <div class="stack-trace">org.testng.SkipException: Skipping the test TaskLeadCreationTest as the Run mode is NO + 
	at com.crm.testCases.TaskLeadCreationFunctionalityTest.TaskLeadCreationTest(TaskLeadCreationFunctionalityTest.java:28)
	at java.base/java.util.ArrayList.forEach(ArrayList.java:1511)
... Removed 25 stack frames
</div> <!-- stack-trace -->
                </div> <!-- method-content -->
              </div> <!-- method -->
            </div> <!-- main-panel-content rounded-window-bottom -->
          </div> <!-- suite-AutomationTest-class-skipped -->
          <div class="suite-AutomationTest-class-skipped">
            <div class="main-panel-header rounded-window-top">
              <img src="skipped.png"/>
              <span class="class-name">com.crm.testCases.PrimarySecondaryLeadCreationFlowForSavingAccountFunctionalityTest</span>
            </div> <!-- main-panel-header rounded-window-top -->
            <div class="main-panel-content rounded-window-bottom">
              <div class="method">
                <div class="method-content">
                  <a name="PriSecLeadCreationFlowTest">
                  </a> <!-- PriSecLeadCreationFlowTest -->
                  <span class="method-name">PriSecLeadCreationFlowTest</span>
                  <div class="stack-trace">org.testng.SkipException: Skipping the test PRIMARYSECONDARYLEADCREATIONas the Run mode is NO
	at com.crm.testCases.PrimarySecondaryLeadCreationFlowForSavingAccountFunctionalityTest.PriSecLeadCreationFlowTest(PrimarySecondaryLeadCreationFlowForSavingAccountFunctionalityTest.java:43)
	at java.base/java.util.ArrayList.forEach(ArrayList.java:1511)
... Removed 25 stack frames
</div> <!-- stack-trace -->
                </div> <!-- method-content -->
              </div> <!-- method -->
            </div> <!-- main-panel-content rounded-window-bottom -->
          </div> <!-- suite-AutomationTest-class-skipped -->
          <div class="suite-AutomationTest-class-skipped">
            <div class="main-panel-header rounded-window-top">
              <img src="skipped.png"/>
              <span class="class-name">com.crm.testCases.AppointmentPagePagginationFunctionalityTest</span>
            </div> <!-- main-panel-header rounded-window-top -->
            <div class="main-panel-content rounded-window-bottom">
              <div class="method">
                <div class="method-content">
                  <a name="PagginationOnAppointmentTest">
                  </a> <!-- PagginationOnAppointmentTest -->
                  <span class="method-name">PagginationOnAppointmentTest</span>
                  <div class="stack-trace">org.testng.SkipException: Skipping the test PAGGINATIONONAPPOINTMENTPAGEas the Run mode is NO
	at com.crm.testCases.AppointmentPagePagginationFunctionalityTest.PagginationOnAppointmentTest(AppointmentPagePagginationFunctionalityTest.java:23)
	at java.base/java.util.ArrayList.forEach(ArrayList.java:1511)
... Removed 25 stack frames
</div> <!-- stack-trace -->
                </div> <!-- method-content -->
              </div> <!-- method -->
            </div> <!-- main-panel-content rounded-window-bottom -->
          </div> <!-- suite-AutomationTest-class-skipped -->
          <div class="suite-AutomationTest-class-skipped">
            <div class="main-panel-header rounded-window-top">
              <img src="skipped.png"/>
              <span class="class-name">com.crm.testCases.CallAndMeetingsFunctionalityTest</span>
            </div> <!-- main-panel-header rounded-window-top -->
            <div class="main-panel-content rounded-window-bottom">
              <div class="method">
                <div class="method-content">
                  <a name="CallAndMeetingsTest">
                  </a> <!-- CallAndMeetingsTest -->
                  <span class="method-name">CallAndMeetingsTest</span>
                  <div class="stack-trace">org.testng.SkipException: Skipping the test TOVERIFYCALLANDMEETINGSas the Run mode is NO
	at com.crm.testCases.CallAndMeetingsFunctionalityTest.CallAndMeetingsTest(CallAndMeetingsFunctionalityTest.java:30)
	at java.base/java.util.ArrayList.forEach(ArrayList.java:1511)
... Removed 25 stack frames
</div> <!-- stack-trace -->
                </div> <!-- method-content -->
              </div> <!-- method -->
            </div> <!-- main-panel-content rounded-window-bottom -->
          </div> <!-- suite-AutomationTest-class-skipped -->
          <div class="suite-AutomationTest-class-skipped">
            <div class="main-panel-header rounded-window-top">
              <img src="skipped.png"/>
              <span class="class-name">com.crm.testCases.QuickLinkFunctionalityTest</span>
            </div> <!-- main-panel-header rounded-window-top -->
            <div class="main-panel-content rounded-window-bottom">
              <div class="method">
                <div class="method-content">
                  <a name="QuickLinksTest">
                  </a> <!-- QuickLinksTest -->
                  <span class="method-name">QuickLinksTest</span>
                  <div class="stack-trace">org.testng.SkipException: Skipping the test TOVERIFYQUICKLINKSas the Run mode is NO
	at com.crm.testCases.QuickLinkFunctionalityTest.QuickLinksTest(QuickLinkFunctionalityTest.java:27)
	at java.base/java.util.ArrayList.forEach(ArrayList.java:1511)
... Removed 25 stack frames
</div> <!-- stack-trace -->
                </div> <!-- method-content -->
              </div> <!-- method -->
            </div> <!-- main-panel-content rounded-window-bottom -->
          </div> <!-- suite-AutomationTest-class-skipped -->
          <div class="suite-AutomationTest-class-skipped">
            <div class="main-panel-header rounded-window-top">
              <img src="skipped.png"/>
              <span class="class-name">com.crm.testCases.ReportsTabFunctionalityTest</span>
            </div> <!-- main-panel-header rounded-window-top -->
            <div class="main-panel-content rounded-window-bottom">
              <div class="method">
                <div class="method-content">
                  <a name="ReportsTabTest">
                  </a> <!-- ReportsTabTest -->
                  <span class="method-name">ReportsTabTest</span>
                  <div class="stack-trace">org.testng.SkipException: Skipping the test TOVERIFYLEADCREATIONPAGEas the Run mode is NO
	at com.crm.testCases.ReportsTabFunctionalityTest.ReportsTabTest(ReportsTabFunctionalityTest.java:26)
	at java.base/java.util.ArrayList.forEach(ArrayList.java:1511)
... Removed 25 stack frames
</div> <!-- stack-trace -->
                </div> <!-- method-content -->
              </div> <!-- method -->
            </div> <!-- main-panel-content rounded-window-bottom -->
          </div> <!-- suite-AutomationTest-class-skipped -->
          <div class="suite-AutomationTest-class-skipped">
            <div class="main-panel-header rounded-window-top">
              <img src="skipped.png"/>
              <span class="class-name">com.crm.testCases.TaskActivityIsCreatedIndependentlyFunctionalityTest</span>
            </div> <!-- main-panel-header rounded-window-top -->
            <div class="main-panel-content rounded-window-bottom">
              <div class="method">
                <div class="method-content">
                  <a name="TaskIsCreatedIndependentlyTest">
                  </a> <!-- TaskIsCreatedIndependentlyTest -->
                  <span class="method-name">TaskIsCreatedIndependentlyTest</span>
                  <div class="stack-trace">org.testng.SkipException: Skipping the test TASKISCREATEDINDEPENDENTLYTESTas the Run mode is NO
	at com.crm.testCases.TaskActivityIsCreatedIndependentlyFunctionalityTest.TaskIsCreatedIndependentlyTest(TaskActivityIsCreatedIndependentlyFunctionalityTest.java:28)
	at java.base/java.util.ArrayList.forEach(ArrayList.java:1511)
... Removed 25 stack frames
</div> <!-- stack-trace -->
                </div> <!-- method-content -->
              </div> <!-- method -->
            </div> <!-- main-panel-content rounded-window-bottom -->
          </div> <!-- suite-AutomationTest-class-skipped -->
          <div class="suite-AutomationTest-class-skipped">
            <div class="main-panel-header rounded-window-top">
              <img src="skipped.png"/>
              <span class="class-name">com.crm.testCases.CustomerSearchFunctionalityTest</span>
            </div> <!-- main-panel-header rounded-window-top -->
            <div class="main-panel-content rounded-window-bottom">
              <div class="method">
                <div class="method-content">
                  <a name="CustomerSearchTest">
                  </a> <!-- CustomerSearchTest -->
                  <span class="method-name">CustomerSearchTest</span>
                  <div class="stack-trace">org.testng.SkipException: Skipping the test TOVERIFYCUSTOMERSEARCHas the Run mode is NO
	at com.crm.testCases.CustomerSearchFunctionalityTest.CustomerSearchTest(CustomerSearchFunctionalityTest.java:26)
	at java.base/java.util.ArrayList.forEach(ArrayList.java:1511)
... Removed 25 stack frames
</div> <!-- stack-trace -->
                </div> <!-- method-content -->
              </div> <!-- method -->
            </div> <!-- main-panel-content rounded-window-bottom -->
          </div> <!-- suite-AutomationTest-class-skipped -->
          <div class="suite-AutomationTest-class-skipped">
            <div class="main-panel-header rounded-window-top">
              <img src="skipped.png"/>
              <span class="class-name">com.crm.testCases.TabVisibleOnCustomerFunctionalityTest</span>
            </div> <!-- main-panel-header rounded-window-top -->
            <div class="main-panel-content rounded-window-bottom">
              <div class="method">
                <div class="method-content">
                  <a name="TabVisibleOnCustomer">
                  </a> <!-- TabVisibleOnCustomer -->
                  <span class="method-name">TabVisibleOnCustomer</span>
                  <div class="stack-trace">org.testng.SkipException: Skipping the test TABVISIBLEONCUSTOMERas the Run mode is NO
	at com.crm.testCases.TabVisibleOnCustomerFunctionalityTest.TabVisibleOnCustomer(TabVisibleOnCustomerFunctionalityTest.java:29)
	at java.base/java.util.ArrayList.forEach(ArrayList.java:1511)
... Removed 25 stack frames
</div> <!-- stack-trace -->
                </div> <!-- method-content -->
              </div> <!-- method -->
            </div> <!-- main-panel-content rounded-window-bottom -->
          </div> <!-- suite-AutomationTest-class-skipped -->
          <div class="suite-AutomationTest-class-skipped">
            <div class="main-panel-header rounded-window-top">
              <img src="skipped.png"/>
              <span class="class-name">com.crm.testCases.ActivityTabFunctionalityTest</span>
            </div> <!-- main-panel-header rounded-window-top -->
            <div class="main-panel-content rounded-window-bottom">
              <div class="method">
                <div class="method-content">
                  <a name="ActivityCreationTest">
                  </a> <!-- ActivityCreationTest -->
                  <span class="method-name">ActivityCreationTest</span>
                  <div class="stack-trace">org.testng.SkipException: Skipping the test TOVERIFYAPPOINTMENTCREATIONPAGEas the Run mode is NO
	at com.crm.testCases.ActivityTabFunctionalityTest.ActivityCreationTest(ActivityTabFunctionalityTest.java:30)
	at java.base/java.util.ArrayList.forEach(ArrayList.java:1511)
... Removed 25 stack frames
</div> <!-- stack-trace -->
                </div> <!-- method-content -->
              </div> <!-- method -->
            </div> <!-- main-panel-content rounded-window-bottom -->
          </div> <!-- suite-AutomationTest-class-skipped -->
          <div class="suite-AutomationTest-class-skipped">
            <div class="main-panel-header rounded-window-top">
              <img src="skipped.png"/>
              <span class="class-name">com.crm.testCases.SRCreartionUsingCERSAIChargesRelatedSubSubCategoryFunctionalityTest</span>
            </div> <!-- main-panel-header rounded-window-top -->
            <div class="main-panel-content rounded-window-bottom">
              <div class="method">
                <div class="method-content">
                  <a name="SRCreationCERSAIChargesCatTest">
                  </a> <!-- SRCreationCERSAIChargesCatTest -->
                  <span class="method-name">SRCreationCERSAIChargesCatTest</span>
                  <div class="stack-trace">org.testng.SkipException: Skipping the test TOVERIFYQUICKLINKSas the Run mode is NO
	at com.crm.testCases.SRCreartionUsingCERSAIChargesRelatedSubSubCategoryFunctionalityTest.SRCreationCERSAIChargesCatTest(SRCreartionUsingCERSAIChargesRelatedSubSubCategoryFunctionalityTest.java:31)
	at java.base/java.util.ArrayList.forEach(ArrayList.java:1511)
... Removed 25 stack frames
</div> <!-- stack-trace -->
                </div> <!-- method-content -->
              </div> <!-- method -->
            </div> <!-- main-panel-content rounded-window-bottom -->
          </div> <!-- suite-AutomationTest-class-skipped -->
          <div class="suite-AutomationTest-class-skipped">
            <div class="main-panel-header rounded-window-top">
              <img src="skipped.png"/>
              <span class="class-name">com.crm.testCases.ActivityTaskCreatedOnETBCustomerFunctionalityTest</span>
            </div> <!-- main-panel-header rounded-window-top -->
            <div class="main-panel-content rounded-window-bottom">
              <div class="method">
                <div class="method-content">
                  <a name="TaskCreatedOnETBCustomerTest">
                  </a> <!-- TaskCreatedOnETBCustomerTest -->
                  <span class="method-name">TaskCreatedOnETBCustomerTest</span>
                  <div class="stack-trace">org.testng.SkipException: Skipping the test TOVERIFYTASKISCREATEDONETBCUSTOMERas the Run mode is NO
	at com.crm.testCases.ActivityTaskCreatedOnETBCustomerFunctionalityTest.TaskCreatedOnETBCustomerTest(ActivityTaskCreatedOnETBCustomerFunctionalityTest.java:29)
	at java.base/java.util.ArrayList.forEach(ArrayList.java:1511)
... Removed 25 stack frames
</div> <!-- stack-trace -->
                </div> <!-- method-content -->
              </div> <!-- method -->
            </div> <!-- main-panel-content rounded-window-bottom -->
          </div> <!-- suite-AutomationTest-class-skipped -->
          <div class="suite-AutomationTest-class-passed">
            <div class="main-panel-header rounded-window-top">
              <img src="passed.png"/>
              <span class="class-name">com.crm.testCases.ConditionalAccessFunctionalityTest</span>
            </div> <!-- main-panel-header rounded-window-top -->
            <div class="main-panel-content rounded-window-bottom">
              <div class="method">
                <div class="method-content">
                  <a name="ConditionalAccessTest">
                  </a> <!-- ConditionalAccessTest -->
                  <span class="method-name">ConditionalAccessTest</span>
                </div> <!-- method-content -->
              </div> <!-- method -->
            </div> <!-- main-panel-content rounded-window-bottom -->
          </div> <!-- suite-AutomationTest-class-passed -->
        </div> <!-- panel AutomationTest -->
        <div panel-name="test-xml-AutomationTest" class="panel">
          <div class="main-panel-header rounded-window-top">
            <span class="header-content">C:\Users\Punam Shirsath\eclipse-workspace\AUAutomationSanity\src\test\resources\RunnerFiles\testng.xml</span>
          </div> <!-- main-panel-header rounded-window-top -->
          <div class="main-panel-content rounded-window-bottom">
            <pre>
&lt;?xml version=&quot;1.0&quot; encoding=&quot;UTF-8&quot;?&gt;
&lt;!DOCTYPE suite SYSTEM &quot;https://testng.org/testng-1.0.dtd&quot;&gt;
&lt;suite name=&quot;AutomationTest&quot; guice-stage=&quot;DEVELOPMENT&quot;&gt;
  &lt;listeners&gt;
    &lt;listener class-name=&quot;com.AU.listeners.TestListeners&quot;/&gt;
  &lt;/listeners&gt;
  &lt;test thread-count=&quot;5&quot; name=&quot;Test &quot;&gt;
    &lt;classes&gt;
      &lt;class name=&quot;com.crm.testCases.TaskLeadCreationFunctionalityTest&quot;/&gt;
      &lt;class name=&quot;com.crm.testCases.DedupeRuleFunctionalityTest&quot;/&gt;
      &lt;class name=&quot;com.crm.testCases.DataPresenterEDSFunctionalityTest&quot;/&gt;
      &lt;class name=&quot;com.crm.testCases.TabVisibleOnCustomerFunctionalityTest&quot;/&gt;
      &lt;class name=&quot;com.crm.testCases.LeadSearchFunctionalityTest&quot;/&gt;
      &lt;class name=&quot;com.crm.testCases.CustomerSearchFunctionalityTest&quot;/&gt;
      &lt;class name=&quot;com.crm.testCases.QuickLinkFunctionalityTest&quot;/&gt;
      &lt;class name=&quot;com.crm.testCases.CallAndMeetingsFunctionalityTest&quot;/&gt;
      &lt;class name=&quot;com.crm.testCases.ActivityTabFunctionalityTest&quot;/&gt;
      &lt;class name=&quot;com.crm.testCases.AppointmentPagePagginationFunctionalityTest&quot;/&gt;
      &lt;class name=&quot;com.crm.testCases.ActivityTaskCreatedOnETBCustomerFunctionalityTest&quot;/&gt;
      &lt;class name=&quot;com.crm.testCases.ActivityTaskCreatedOnETBLeadFunctionalityTest&quot;/&gt;
      &lt;class name=&quot;com.crm.testCases.TaskActivityIsCreatedIndependentlyFunctionalityTest&quot;/&gt;
      &lt;class name=&quot;com.crm.testCases.OfferCreationFunctionalityTest&quot;/&gt;
      &lt;class name=&quot;com.crm.testCases.SRCreartionUsingCERSAIChargesRelatedSubSubCategoryFunctionalityTest&quot;/&gt;
      &lt;class name=&quot;com.crm.testCases.ReportsTabFunctionalityTest&quot;/&gt;
      &lt;class name=&quot;com.crm.testCases.PrimarySecondaryLeadCreationFlowForSavingAccountFunctionalityTest&quot;/&gt;
      &lt;class name=&quot;com.crm.testCases.SRCreationFunctionalityTest&quot;/&gt;
      &lt;class name=&quot;com.crm.testCases.ConditionalAccessFunctionalityTest&quot;/&gt;
    &lt;/classes&gt;
  &lt;/test&gt; &lt;!-- Test  --&gt;
&lt;/suite&gt; &lt;!-- AutomationTest --&gt;
            </pre>
          </div> <!-- main-panel-content rounded-window-bottom -->
        </div> <!-- panel -->
        <div panel-name="testlist-AutomationTest" class="panel">
          <div class="main-panel-header rounded-window-top">
            <span class="header-content">Tests for AutomationTest</span>
          </div> <!-- main-panel-header rounded-window-top -->
          <div class="main-panel-content rounded-window-bottom">
            <ul>
              <li>
                <span class="test-name">Test  (19 classes)</span>
              </li>
            </ul>
          </div> <!-- main-panel-content rounded-window-bottom -->
        </div> <!-- panel -->
        <div panel-name="group-AutomationTest" class="panel">
          <div class="main-panel-header rounded-window-top">
            <span class="header-content">Groups for AutomationTest</span>
          </div> <!-- main-panel-header rounded-window-top -->
          <div class="main-panel-content rounded-window-bottom">
          </div> <!-- main-panel-content rounded-window-bottom -->
        </div> <!-- panel -->
        <div panel-name="times-AutomationTest" class="panel">
          <div class="main-panel-header rounded-window-top">
            <span class="header-content">Times for AutomationTest</span>
          </div> <!-- main-panel-header rounded-window-top -->
          <div class="main-panel-content rounded-window-bottom">
            <div class="times-div">
              <script type="text/javascript">
suiteTableInitFunctions.push('tableData_AutomationTest');
function tableData_AutomationTest() {
var data = new google.visualization.DataTable();
data.addColumn('number', 'Number');
data.addColumn('string', 'Method');
data.addColumn('string', 'Class');
data.addColumn('number', 'Time (ms)');
data.addRows(19);
data.setCell(0, 0, 0)
data.setCell(0, 1, 'ConditionalAccessTest')
data.setCell(0, 2, 'com.crm.testCases.ConditionalAccessFunctionalityTest')
data.setCell(0, 3, 43689);
data.setCell(1, 0, 1)
data.setCell(1, 1, 'SRCreationTest')
data.setCell(1, 2, 'com.crm.testCases.SRCreationFunctionalityTest')
data.setCell(1, 3, 15983);
data.setCell(2, 0, 2)
data.setCell(2, 1, 'PriSecLeadCreationFlowTest')
data.setCell(2, 2, 'com.crm.testCases.PrimarySecondaryLeadCreationFlowForSavingAccountFunctionalityTest')
data.setCell(2, 3, 15009);
data.setCell(3, 0, 3)
data.setCell(3, 1, 'ReportsTabTest')
data.setCell(3, 2, 'com.crm.testCases.ReportsTabFunctionalityTest')
data.setCell(3, 3, 10919);
data.setCell(4, 0, 4)
data.setCell(4, 1, 'SRCreationCERSAIChargesCatTest')
data.setCell(4, 2, 'com.crm.testCases.SRCreartionUsingCERSAIChargesRelatedSubSubCategoryFunctionalityTest')
data.setCell(4, 3, 10476);
data.setCell(5, 0, 5)
data.setCell(5, 1, 'OfferCreationTest')
data.setCell(5, 2, 'com.crm.testCases.OfferCreationFunctionalityTest')
data.setCell(5, 3, 9664);
data.setCell(6, 0, 6)
data.setCell(6, 1, 'TaskIsCreatedIndependentlyTest')
data.setCell(6, 2, 'com.crm.testCases.TaskActivityIsCreatedIndependentlyFunctionalityTest')
data.setCell(6, 3, 9036);
data.setCell(7, 0, 7)
data.setCell(7, 1, 'TaskCreatedOnETBLeadTest')
data.setCell(7, 2, 'com.crm.testCases.ActivityTaskCreatedOnETBLeadFunctionalityTest')
data.setCell(7, 3, 8351);
data.setCell(8, 0, 8)
data.setCell(8, 1, 'TaskCreatedOnETBCustomerTest')
data.setCell(8, 2, 'com.crm.testCases.ActivityTaskCreatedOnETBCustomerFunctionalityTest')
data.setCell(8, 3, 7774);
data.setCell(9, 0, 9)
data.setCell(9, 1, 'PagginationOnAppointmentTest')
data.setCell(9, 2, 'com.crm.testCases.AppointmentPagePagginationFunctionalityTest')
data.setCell(9, 3, 7218);
data.setCell(10, 0, 10)
data.setCell(10, 1, 'ActivityCreationTest')
data.setCell(10, 2, 'com.crm.testCases.ActivityTabFunctionalityTest')
data.setCell(10, 3, 6642);
data.setCell(11, 0, 11)
data.setCell(11, 1, 'CallAndMeetingsTest')
data.setCell(11, 2, 'com.crm.testCases.CallAndMeetingsFunctionalityTest')
data.setCell(11, 3, 6024);
data.setCell(12, 0, 12)
data.setCell(12, 1, 'QuickLinksTest')
data.setCell(12, 2, 'com.crm.testCases.QuickLinkFunctionalityTest')
data.setCell(12, 3, 5484);
data.setCell(13, 0, 13)
data.setCell(13, 1, 'CustomerSearchTest')
data.setCell(13, 2, 'com.crm.testCases.CustomerSearchFunctionalityTest')
data.setCell(13, 3, 4902);
data.setCell(14, 0, 14)
data.setCell(14, 1, 'LeadSearchTest')
data.setCell(14, 2, 'com.crm.testCases.LeadSearchFunctionalityTest')
data.setCell(14, 3, 4361);
data.setCell(15, 0, 15)
data.setCell(15, 1, 'TabVisibleOnCustomer')
data.setCell(15, 2, 'com.crm.testCases.TabVisibleOnCustomerFunctionalityTest')
data.setCell(15, 3, 3734);
data.setCell(16, 0, 16)
data.setCell(16, 1, 'DataPresenterEDSTest')
data.setCell(16, 2, 'com.crm.testCases.DataPresenterEDSFunctionalityTest')
data.setCell(16, 3, 3169);
data.setCell(17, 0, 17)
data.setCell(17, 1, 'DedupeRuleTest')
data.setCell(17, 2, 'com.crm.testCases.DedupeRuleFunctionalityTest')
data.setCell(17, 3, 2066);
data.setCell(18, 0, 18)
data.setCell(18, 1, 'TaskLeadCreationTest')
data.setCell(18, 2, 'com.crm.testCases.TaskLeadCreationFunctionalityTest')
data.setCell(18, 3, 1484);
window.suiteTableData['AutomationTest']= { tableData: data, tableDiv: 'times-div-AutomationTest'}
return data;
}
              </script>
              <span class="suite-total-time">Total running time: 2 minutes</span>
              <div id="times-div-AutomationTest">
              </div> <!-- times-div-AutomationTest -->
            </div> <!-- times-div -->
          </div> <!-- main-panel-content rounded-window-bottom -->
        </div> <!-- panel -->
        <div panel-name="reporter-AutomationTest" class="panel">
          <div class="main-panel-header rounded-window-top">
            <span class="header-content">Reporter output for AutomationTest</span>
          </div> <!-- main-panel-header rounded-window-top -->
          <div class="main-panel-content rounded-window-bottom">
          </div> <!-- main-panel-content rounded-window-bottom -->
        </div> <!-- panel -->
        <div panel-name="ignored-methods-AutomationTest" class="panel">
          <div class="main-panel-header rounded-window-top">
            <span class="header-content">0 ignored methods</span>
          </div> <!-- main-panel-header rounded-window-top -->
          <div class="main-panel-content rounded-window-bottom">
          </div> <!-- main-panel-content rounded-window-bottom -->
        </div> <!-- panel -->
        <div panel-name="chronological-AutomationTest" class="panel">
          <div class="main-panel-header rounded-window-top">
            <span class="header-content">Methods in chronological order</span>
          </div> <!-- main-panel-header rounded-window-top -->
          <div class="main-panel-content rounded-window-bottom">
            <div class="chronological-class">
              <div class="chronological-class-name">com.crm.testCases.TaskLeadCreationFunctionalityTest</div> <!-- chronological-class-name -->
              <div class="test-method">
                <span class="method-name">TaskLeadCreationTest</span>
                <span class="method-start">0 ms</span>
              </div> <!-- test-method -->
              <div class="configuration-class after">
                <img src="failed.png">
                </img>
                <span class="method-name">tearDownTest</span>
                <span class="method-start">1488 ms</span>
              </div> <!-- configuration-class after -->
            </div> <!-- chronological-class -->
            <div class="chronological-class">
              <div class="chronological-class-name">com.crm.testCases.DedupeRuleFunctionalityTest</div> <!-- chronological-class-name -->
              <div class="test-method">
                <span class="method-name">DedupeRuleTest</span>
                <span class="method-start">1492 ms</span>
              </div> <!-- test-method -->
              <div class="configuration-class after">
                <img src="failed.png">
                </img>
                <span class="method-name">tearDownTest</span>
                <span class="method-start">3559 ms</span>
              </div> <!-- configuration-class after -->
            </div> <!-- chronological-class -->
            <div class="chronological-class">
              <div class="chronological-class-name">com.crm.testCases.DataPresenterEDSFunctionalityTest</div> <!-- chronological-class-name -->
              <div class="test-method">
                <span class="method-name">DataPresenterEDSTest</span>
                <span class="method-start">3561 ms</span>
              </div> <!-- test-method -->
              <div class="configuration-class after">
                <img src="failed.png">
                </img>
                <span class="method-name">tearDownTest</span>
                <span class="method-start">6731 ms</span>
              </div> <!-- configuration-class after -->
            </div> <!-- chronological-class -->
            <div class="chronological-class">
              <div class="chronological-class-name">com.crm.testCases.TabVisibleOnCustomerFunctionalityTest</div> <!-- chronological-class-name -->
              <div class="test-method">
                <span class="method-name">TabVisibleOnCustomer</span>
                <span class="method-start">6733 ms</span>
              </div> <!-- test-method -->
              <div class="configuration-class after">
                <img src="failed.png">
                </img>
                <span class="method-name">tearDownTest</span>
                <span class="method-start">10468 ms</span>
              </div> <!-- configuration-class after -->
            </div> <!-- chronological-class -->
            <div class="chronological-class">
              <div class="chronological-class-name">com.crm.testCases.LeadSearchFunctionalityTest</div> <!-- chronological-class-name -->
              <div class="test-method">
                <span class="method-name">LeadSearchTest</span>
                <span class="method-start">10469 ms</span>
              </div> <!-- test-method -->
              <div class="configuration-class after">
                <img src="failed.png">
                </img>
                <span class="method-name">tearDownTest</span>
                <span class="method-start">14831 ms</span>
              </div> <!-- configuration-class after -->
            </div> <!-- chronological-class -->
            <div class="chronological-class">
              <div class="chronological-class-name">com.crm.testCases.CustomerSearchFunctionalityTest</div> <!-- chronological-class-name -->
              <div class="test-method">
                <span class="method-name">CustomerSearchTest</span>
                <span class="method-start">14832 ms</span>
              </div> <!-- test-method -->
              <div class="configuration-class after">
                <img src="failed.png">
                </img>
                <span class="method-name">tearDownTest</span>
                <span class="method-start">19735 ms</span>
              </div> <!-- configuration-class after -->
            </div> <!-- chronological-class -->
            <div class="chronological-class">
              <div class="chronological-class-name">com.crm.testCases.QuickLinkFunctionalityTest</div> <!-- chronological-class-name -->
              <div class="test-method">
                <span class="method-name">QuickLinksTest</span>
                <span class="method-start">19736 ms</span>
              </div> <!-- test-method -->
              <div class="configuration-class after">
                <img src="failed.png">
                </img>
                <span class="method-name">tearDownTest</span>
                <span class="method-start">25221 ms</span>
              </div> <!-- configuration-class after -->
            </div> <!-- chronological-class -->
            <div class="chronological-class">
              <div class="chronological-class-name">com.crm.testCases.CallAndMeetingsFunctionalityTest</div> <!-- chronological-class-name -->
              <div class="test-method">
                <span class="method-name">CallAndMeetingsTest</span>
                <span class="method-start">25222 ms</span>
              </div> <!-- test-method -->
              <div class="configuration-class after">
                <img src="failed.png">
                </img>
                <span class="method-name">tearDownTest</span>
                <span class="method-start">31247 ms</span>
              </div> <!-- configuration-class after -->
            </div> <!-- chronological-class -->
            <div class="chronological-class">
              <div class="chronological-class-name">com.crm.testCases.ActivityTabFunctionalityTest</div> <!-- chronological-class-name -->
              <div class="test-method">
                <span class="method-name">ActivityCreationTest</span>
                <span class="method-start">31249 ms</span>
              </div> <!-- test-method -->
              <div class="configuration-class after">
                <img src="failed.png">
                </img>
                <span class="method-name">tearDownTest</span>
                <span class="method-start">37892 ms</span>
              </div> <!-- configuration-class after -->
            </div> <!-- chronological-class -->
            <div class="chronological-class">
              <div class="chronological-class-name">com.crm.testCases.AppointmentPagePagginationFunctionalityTest</div> <!-- chronological-class-name -->
              <div class="test-method">
                <span class="method-name">PagginationOnAppointmentTest</span>
                <span class="method-start">37893 ms</span>
              </div> <!-- test-method -->
              <div class="configuration-class after">
                <img src="failed.png">
                </img>
                <span class="method-name">tearDownTest</span>
                <span class="method-start">45112 ms</span>
              </div> <!-- configuration-class after -->
            </div> <!-- chronological-class -->
            <div class="chronological-class">
              <div class="chronological-class-name">com.crm.testCases.ActivityTaskCreatedOnETBCustomerFunctionalityTest</div> <!-- chronological-class-name -->
              <div class="test-method">
                <span class="method-name">TaskCreatedOnETBCustomerTest</span>
                <span class="method-start">45113 ms</span>
              </div> <!-- test-method -->
              <div class="configuration-class after">
                <img src="failed.png">
                </img>
                <span class="method-name">tearDownTest</span>
                <span class="method-start">52888 ms</span>
              </div> <!-- configuration-class after -->
            </div> <!-- chronological-class -->
            <div class="chronological-class">
              <div class="chronological-class-name">com.crm.testCases.ActivityTaskCreatedOnETBLeadFunctionalityTest</div> <!-- chronological-class-name -->
              <div class="test-method">
                <span class="method-name">TaskCreatedOnETBLeadTest</span>
                <span class="method-start">52890 ms</span>
              </div> <!-- test-method -->
              <div class="configuration-class after">
                <img src="failed.png">
                </img>
                <span class="method-name">tearDownTest</span>
                <span class="method-start">61242 ms</span>
              </div> <!-- configuration-class after -->
            </div> <!-- chronological-class -->
            <div class="chronological-class">
              <div class="chronological-class-name">com.crm.testCases.TaskActivityIsCreatedIndependentlyFunctionalityTest</div> <!-- chronological-class-name -->
              <div class="test-method">
                <span class="method-name">TaskIsCreatedIndependentlyTest</span>
                <span class="method-start">61244 ms</span>
              </div> <!-- test-method -->
              <div class="configuration-class after">
                <img src="failed.png">
                </img>
                <span class="method-name">tearDownTest</span>
                <span class="method-start">70281 ms</span>
              </div> <!-- configuration-class after -->
            </div> <!-- chronological-class -->
            <div class="chronological-class">
              <div class="chronological-class-name">com.crm.testCases.OfferCreationFunctionalityTest</div> <!-- chronological-class-name -->
              <div class="test-method">
                <span class="method-name">OfferCreationTest</span>
                <span class="method-start">70283 ms</span>
              </div> <!-- test-method -->
              <div class="configuration-class after">
                <img src="failed.png">
                </img>
                <span class="method-name">tearDownTest</span>
                <span class="method-start">79948 ms</span>
              </div> <!-- configuration-class after -->
            </div> <!-- chronological-class -->
            <div class="chronological-class">
              <div class="chronological-class-name">com.crm.testCases.SRCreartionUsingCERSAIChargesRelatedSubSubCategoryFunctionalityTest</div> <!-- chronological-class-name -->
              <div class="test-method">
                <span class="method-name">SRCreationCERSAIChargesCatTest</span>
                <span class="method-start">79949 ms</span>
              </div> <!-- test-method -->
              <div class="configuration-class after">
                <img src="failed.png">
                </img>
                <span class="method-name">tearDownTest</span>
                <span class="method-start">90426 ms</span>
              </div> <!-- configuration-class after -->
            </div> <!-- chronological-class -->
            <div class="chronological-class">
              <div class="chronological-class-name">com.crm.testCases.ReportsTabFunctionalityTest</div> <!-- chronological-class-name -->
              <div class="test-method">
                <span class="method-name">ReportsTabTest</span>
                <span class="method-start">90427 ms</span>
              </div> <!-- test-method -->
              <div class="configuration-class after">
                <img src="failed.png">
                </img>
                <span class="method-name">tearDownTest</span>
                <span class="method-start">101346 ms</span>
              </div> <!-- configuration-class after -->
            </div> <!-- chronological-class -->
            <div class="chronological-class">
              <div class="chronological-class-name">com.crm.testCases.PrimarySecondaryLeadCreationFlowForSavingAccountFunctionalityTest</div> <!-- chronological-class-name -->
              <div class="test-method">
                <span class="method-name">PriSecLeadCreationFlowTest</span>
                <span class="method-start">101347 ms</span>
              </div> <!-- test-method -->
              <div class="configuration-class after">
                <img src="failed.png">
                </img>
                <span class="method-name">tearDownTest</span>
                <span class="method-start">116357 ms</span>
              </div> <!-- configuration-class after -->
            </div> <!-- chronological-class -->
            <div class="chronological-class">
              <div class="chronological-class-name">com.crm.testCases.SRCreationFunctionalityTest</div> <!-- chronological-class-name -->
              <div class="test-method">
                <span class="method-name">SRCreationTest</span>
                <span class="method-start">116358 ms</span>
              </div> <!-- test-method -->
              <div class="configuration-class after">
                <img src="failed.png">
                </img>
                <span class="method-name">tearDownTest</span>
                <span class="method-start">132342 ms</span>
              </div> <!-- configuration-class after -->
            </div> <!-- chronological-class -->
            <div class="chronological-class">
              <div class="chronological-class-name">com.crm.testCases.ConditionalAccessFunctionalityTest</div> <!-- chronological-class-name -->
              <div class="test-method">
                <span class="method-name">ConditionalAccessTest</span>
                <span class="method-start">132343 ms</span>
              </div> <!-- test-method -->
              <div class="configuration-class after">
                <span class="method-name">tearDownTest</span>
                <span class="method-start">236614 ms</span>
              </div> <!-- configuration-class after -->
          </div> <!-- main-panel-content rounded-window-bottom -->
        </div> <!-- panel -->
      </div> <!-- main-panel-root -->
    </div> <!-- wrapper -->
  </body>
<script type="text/javascript" src="testng-reports2.js"></script>
</html>
